14.008,7,71.5383761454651,-37.24209185983815,6.297049645356068,-4.540224796417933,-0.9786667846705742,-0.19708136431692463,-0.058053944065324554,7
14.008,7,7.5290729878284255,-36.829492372558946,79.39571727707437,14.79227704033944,-0.6804795132033514,0.6886313821351592,0.25046846438054926,2
14.008,7,50.02191780648659,-37.30608871357801,3.1398849069923433,-25.28578471212095,-0.8592380422720319,-0.29138667929675527,-0.42048042741718183,4
14.008,7,76.95928770117347,-36.806788705383354,-40.029947823766236,8.774694833481933,-0.5192492527571676,-0.846485489471468,0.11765428009797393,2
14.008,7,32.799644978254605,-38.23690783982398,42.23009636354635,1.5855860639752202,-0.9548546919788556,-0.29660486394116103,-0.01667548777126597,9
14.008,7,45.8915384622202,-36.34636154862942,67.55735134201498,64.12170420292412,-0.7969970266025,0.25011304187095446,0.5497628633082013,21
14.008,7,40.01672660715525,-37.95042851125812,25.756705648607184,73.60108965957927,-0.543775538226776,0.07852629107983232,0.83554879309076,13
14.008,7,50.133773204989005,-38.73293531872158,58.10319696810829,3.4568276644456093,-0.8900850187502594,0.4514522871724255,0.06276537105073411,3
14.008,7,54.24019826443949,-37.58688639511764,22.865055641332333,-48.17823000204867,-0.622195534781007,0.31659677717217166,-0.7159882660929375,3
14.008,7,8.808135702675823,-39.050666627733854,20.704957955826803,12.512740980982796,-0.9542664859880156,-0.012764882874111096,-0.2986846689826836,16
14.008,7,56.771140433175525,-37.37750745098667,94.68290402055648,-53.528267119154,-0.3825702218017132,0.7426927323975756,-0.549588510282385,1
14.008,7,34.30339853767616,-38.24424223350344,30.830503410153643,-8.744641727092596,-0.9328432131846058,0.285465359320886,0.21980233903036142,11
14.008,7,25.98089592524952,-37.0531158633644,39.878047121496955,13.580681639483428,-0.9808776912146694,-0.17437686570736913,0.08643878518034458,11
14.008,7,31.786254869032355,-39.23759809063426,56.42594311951831,-9.165962311123764,-0.9621505987484832,0.22039399066689666,-0.16028947004047178,2
14.008,7,5.039428824538799,-36.68420314889532,41.97151458386035,-8.194868766528465,-0.8907871456378696,0.4289884236872788,-0.14989060513801666,7
14.008,7,47.177544793257475,-37.8065201977136,-15.797366766066018,-8.7520437971592,-0.8832951559282602,-0.4266549122294121,-0.1943071109974702,4
14.008,7,1.2612038884319805,-38.09399690788304,33.573206659411355,17.097659828407696,-0.9392375291585153,0.30999601144387395,0.14742909044383545,19
14.008,7,52.345538499602526,-36.32755881007862,183.80247305109475,-411.23280888026073,-0.08361484178097368,0.3174384919735809,-0.9445852857458038,1
14.008,7,2.560334854808131,-39.09241251023231,41.11962918267856,6.8030443211866025,-0.9650847216997712,0.11003815265956562,0.23770377552942945,13
14.008,7,19.29423995706051,-37.19834578895326,27.265977183291533,24.576533990895665,-0.9153244657120678,0.16257290347770043,0.3684442610813039,5
14.008,7,7.0262897994708,-38.16794947175128,21.432207682282332,-15.98861310968491,-0.9568653337925053,0.14643976255627297,-0.2509265409011571,12
14.008,7,21.081351715656396,-37.075875096390185,42.30620660053609,-0.16641765586582916,-0.9652052464054458,0.20728584376619852,0.15940957087182042,8
14.008,7,28.766758349500087,-36.40537030557522,-9.191556479204959,-41.71514725788764,-0.620864843581647,-0.5271543651522098,-0.580202655375954,15
14.008,7,7.910586436050893,-38.396293341713196,-1.3934346467151049,-32.278357452025766,-0.8136876776015259,-0.18748420917793837,-0.5502381617339517,4
14.008,7,52.33942549378343,-37.432388996421324,-58.702849470588255,-15.82055374832793,-0.5076926230414737,-0.8186783690069646,-0.2683541105132624,2
14.008,7,17.81653641954604,-36.87350145743237,-4.556157399140829,3.809720799575491,-0.9438095314374995,-0.3216736883418324,-0.07582616036889883,4
14.008,7,58.06907918828466,-36.44640232588004,68.32186333043182,-2.098762715832308,-0.6694788484368595,0.7422857320347559,0.02845985792802619,6
14.008,7,53.23139273582078,-37.446306435455014,16.774960754271774,16.349480466651602,-0.905093410701082,-0.08743711331479828,0.4161257852148286,3
14.008,7,128.3460228906019,-36.757178708028064,-65.67978860190355,-6.4032084227839965,-0.30932459911458127,-0.9494532634309607,-0.0534489751342567,1
14.008,7,36.22405970973354,-38.88455880155401,-3.9293655733345907,-26.73367100606554,-0.9007941058911203,-0.3169218439428169,-0.29686785549079225,15
14.008,7,43.43557364671304,-37.19092938755993,28.746680449574345,-13.297049273209556,-0.8442108597181615,0.409281157075674,-0.34611697270824543,4
14.008,7,1.8496437964938863,-37.04271861147522,48.51076628335334,0.44486001719618135,-0.9393436636909227,0.2745162345908967,-0.20560719449900206,16
14.008,7,13.688283917224416,-36.751114943554626,38.00835561264597,-35.86629469211516,-0.807507282967382,0.11387797660188478,-0.5787605674194617,11
14.008,7,57.96144819030636,-37.93606674187863,-35.740263687672474,5.826452922316563,-0.7060205755395051,-0.7003689314292126,0.10496812279720455,1
14.008,7,10.603707177062049,-37.724927929021135,31.504070252586686,-77.34232273572799,-0.44719493415454664,-0.17852911267977298,-0.8764382732356476,2
14.008,7,52.24148791498582,-38.80693096935668,5.024553588732939,17.98669370827595,-0.9581794977933215,0.06485176044626775,0.2787226204949255,8
14.008,7,67.95965271393973,-37.47851511728766,13.299058250162945,20.037819122606614,-0.9083373011831906,-0.33096664996984726,0.25570378152654333,7
14.008,7,21.451748145274536,-38.219711322574874,44.14338600833856,13.746818430764222,-0.9189884387848086,0.239491175219354,0.31321594207816567,5
14.008,7,68.25953511562724,-37.616639581188196,-26.13763022610775,79.31273593501086,-0.4185010645925509,-0.33825711173445216,0.8428754269143026,1
14.008,7,1.970036177591714,-37.6432186085578,80.80987100204544,-30.4611381957193,-0.600573227439041,0.5866162925048659,-0.5433167803881082,4
14.008,7,16.46012560639542,-37.25895839666961,66.8356985953671,-2.432499080151676,-0.9621466478831872,0.23099582895412277,-0.1446193450854481,9
14.008,7,57.95025167806365,-37.605549306455686,80.10941395092377,-6.472169227157856,-0.6212030766099361,0.7831915056675499,-0.02679184690434884,5
14.008,7,11.923118760361346,-36.34442285155039,3.0342962363513104,0.7144449831423658,-0.9863772160644299,-0.16449795773519973,0.0006399452582408795,8
14.008,7,77.61322493094814,-36.61839739265582,-11.130270648331303,57.33325269391957,-0.4872020499819032,-0.4179330834901262,0.7667894758131899,1
14.008,7,63.6932893686552,-36.85157930356924,62.340210519425334,18.89088073662294,-0.8550494924378034,0.3187446697452288,0.4090136929136479,1
14.008,7,44.10715684246474,-36.92834079754119,84.40585745864394,25.56760512463285,-0.4062577350455296,0.864817824070854,0.2950335301029868,2
14.008,7,5.678066743750273,-37.28389068007845,40.41760342857161,33.72992749521485,-0.892685762623155,0.12820261509855196,0.43206043407353206,15
14.008,7,20.199913137385934,-37.7010161248582,-14.075951159950618,-57.30358305039981,-0.5731996541304467,-0.2342999104135562,-0.785204246349277,2
14.008,7,33.656583662912055,-37.68778923771336,7.1373735536143466,-11.023717777696646,-0.9551002557253533,0.0826231974449968,-0.2845292757473822,3
14.008,7,9.844978871825127,-36.79912674488608,-16.24481921274047,-18.93920773728852,-0.8417151993458835,-0.3772376125210375,-0.38627361661074827,7
14.008,7,13.911704320778687,-37.56529749055733,74.5557738481275,38.09784310445493,-0.6404543190666299,0.3764386834536009,0.6694118185307301,6
14.008,7,50.88478831910552,-36.92521870928853,5.247979764211682,-49.17573793507994,-0.5981208001042218,-0.27075008242409493,-0.7542850265980569,1
14.008,7,7.880138578788864,-36.955403824662426,-13.459678558433529,27.127553463597152,-0.5948346744335625,-0.6705277643593069,0.44335564427988006,14
14.008,7,26.396561565991828,-36.814049814300944,2.3560128270876977,-29.2164004102927,-0.7759293367430101,0.022238625107659202,-0.6304277182475984,2
14.008,7,19.735955235721228,-37.37748455679193,105.55670628080495,-42.45018294559052,-0.44730588993053133,0.7485125678503437,-0.48953690014496354,5
14.008,7,75.96022400687316,-36.46065220869924,51.02684938239885,24.097650331554867,-0.5957177145667121,0.711292838499883,0.3730722482980914,2
14.008,7,4.022337661718259,-38.026497851563455,22.33219114304256,39.757229676447274,-0.689428644991594,-0.4067747352367891,0.5993516982858187,7
14.008,7,71.60415999895429,-37.38324842794605,16.53051476054705,-25.394193798088427,-0.8480959606622178,0.09732946920340076,-0.520826473917191,3
14.008,7,18.07579317805313,-36.51801693146505,29.534755001799645,-15.022406644697327,-0.9460483539135258,0.18463314822786386,-0.2662763839189949,8
14.008,7,19.947931011782416,-38.898607946500846,13.14022047654588,-27.880428267769975,-0.8971475585770212,-0.357924834322251,-0.25887462431586344,14
14.008,7,20.090746959311726,-37.969747172321675,38.154771052441475,-36.20931682049254,-0.8710721530714792,0.07697820094055122,-0.48508520975533126,6
14.008,7,9.747607827036123,-36.76562502927102,60.16645579018907,31.965876632552654,-0.48683214240935063,0.7821212566237742,0.38894833211413865,18
14.008,7,57.284951097280896,-37.28326614334978,18.937523117899982,-67.95128997964633,-0.49155775852277694,-0.08280452376485953,-0.8668992910829598,1
14.008,7,79.93454325900191,-36.900857874601655,77.7908531825459,-61.76725285754809,-0.411592514669008,0.6546878673210597,-0.6340152981206724,3
14.008,7,24.92898724768758,-38.599512659237995,15.294424918636372,30.778023411065178,-0.9254245328150892,0.066126060617128,0.3731176465556594,9
14.008,7,18.01084094895,-36.795308592846304,24.05913446353175,10.170235867383171,-0.8582261009691292,-0.45531041395806104,0.2369396263959771,9
14.008,7,61.30072038718504,-36.442413415734585,-11.091316014834822,-42.45484724360313,-0.7334789496512636,-0.15943335653153898,-0.6607492983299842,5
14.008,7,16.30470030211574,-38.21488121993164,72.04449687373332,-25.032397070475884,-0.6482762725135528,0.6832584607260852,-0.33599962848514403,4
14.008,7,46.394986678229465,-36.68825052318276,55.16607128934379,49.41422074316296,-0.539761204771606,0.49770127882008874,0.6789339282171373,2
14.008,7,44.65424716374216,-36.927576293333765,-2.632207444179467,48.23507010828907,-0.5337917316636329,-0.5180146145272178,0.668376575250628,1
14.008,7,21.64954344180085,-37.70515372832741,45.03974200988921,-8.395020312661503,-0.9828678102253376,0.15840492410925375,-0.09422710671983606,4
14.008,7,81.8204652531975,-37.07860153932626,-13.85947031607838,-26.842949438409665,-0.7270381381767856,-0.4852001114164537,-0.48579460424946486,2
14.008,7,43.10502849282873,-36.46781653691331,9.271192686085236,72.43467059682382,-0.5105157213472228,-0.02565904880002453,0.8594854922987373,4
14.008,7,47.58064944235006,-37.015666681776686,-108.32189194691433,41.14548374811153,-0.2844112976906375,-0.904759450655941,0.31704975980859484,1
14.008,7,1.6247598543961514,-36.47605787922641,30.91968661287678,-14.221191669414281,-0.9432593446426645,0.31862020775323047,0.0935038606453192,19
14.008,7,20.216447823755363,-38.68261909155248,25.3662592079715,32.98365888526547,-0.9026116522986619,0.026031285986639556,0.42966798494251474,8
14.008,7,57.90530272354377,-36.91218186010841,-11.916258133954615,46.15481781385205,-0.6397050654808321,-0.15527786815107453,0.7527723512859794,2
14.008,7,9.503714578762462,-37.764727682695934,29.499857165206496,38.750955028170324,-0.9401556864025327,0.1307318959265302,0.31466880479710346,21
14.008,7,24.49210910477129,-38.09068308155765,54.062642146772376,30.63070131772707,-0.5753076851514495,0.7143031642457516,0.3984872105277502,11
14.008,7,64.78882554635175,-37.0713363695467,60.81355820772008,37.69828743594036,-0.7564409944128917,0.21124840143508883,0.6190081864262823,7
14.008,7,58.74464418352182,-36.800762864312155,63.381867129879275,-40.96640923460932,-0.6135946966466046,0.5396169491447539,-0.5764677757193976,3
14.008,7,52.54051880546288,-36.65033026318205,14.117963827745397,1.4377990611769966,-0.9999058139752394,0.012108817177153324,-0.006460628845880775,3
14.008,7,23.550143834637634,-37.130687923213046,46.27642492232805,-6.785656686753365,-0.9955056153830173,0.07821641500271395,-0.0533925291122635,7
14.008,7,58.043494539570005,-36.38871334396957,-31.532877853462843,-123.78195460515069,-0.2975185984988433,-0.32159963408403464,-0.898919550852188,2
14.008,7,4.735631958904743,-38.309129446966985,46.46443867817267,-7.025545228046832,-0.8560394673325042,0.4943769473010134,-0.15095649819207302,1
14.008,7,25.572027690045566,-38.125070211306294,-1.2206873199786188,1.3625606988014265,-0.7770402530343657,-0.6288431137643089,0.02765471814170835,1
14.008,7,63.13271841606358,-37.114221486155316,113.08462309166839,14.366538375500232,-0.5216943244029828,0.838030215524845,0.15981360941139344,7
14.008,7,14.655039739247771,-37.83271985919075,61.292173283156195,-26.646213603479296,-0.6432443136844085,0.6764110188651249,-0.3587546326816118,9
14.008,7,30.26065666568488,-36.54578304905829,8.673217222477712,97.71439012684854,-0.3516487729091323,-0.2950068328329874,0.8884335141660018,6
14.008,7,51.93063742020004,-38.03543079429942,-12.23475536368831,-2.433965145644661,-0.834888687529709,-0.5360178999492263,-0.1250827340960424,8
14.008,7,3.048234075583478,-37.70029135600666,34.66728259737344,22.620278601249836,-0.8510641737411234,-0.06026681199275763,0.5215914910603591,3
14.008,7,53.748026507331545,-37.92955049092869,-13.795100044331742,60.74834879815162,-0.5113077260839402,-0.2858061486352165,0.8104808786450025,1
14.008,7,22.65066998412774,-36.583338792006636,0.08934714945428648,-119.6460722329925,-0.30914606434373215,-0.09962440872019797,-0.9457820510497817,2
14.008,7,78.1102130406717,-37.72817458287757,23.92379270384217,33.24647727349917,-0.8102179518938767,-0.16946397766808546,0.5610960975642248,7
14.008,7,10.337216668408704,-36.531079686785354,10.852945182375498,31.008360362605426,-0.6913059362437036,-0.587605988875272,0.4204941192836471,10
14.008,7,17.94110153405361,-38.23805936696639,29.030218593311428,-23.59015836865223,-0.7772470048770721,0.0755303869128155,-0.6246457028287484,17
14.008,7,47.24412147789066,-36.823856220194536,-32.036708873188175,56.380591215756226,-0.4542928133014007,-0.6795991429584602,0.5759887539464857,4
14.008,7,9.231718579340267,-38.11869635396147,9.929087945624335,-16.078133581374534,-0.8284922168865673,-0.49068001316589094,-0.26987732627603683,5
14.008,7,76.08056967066261,-38.022833690618626,16.40720508408516,18.426174478406804,-0.9490495725970568,0.15482598669118208,0.27447007596174533,4
14.008,7,18.383715202289807,-37.51673702502114,-26.95165883320395,-43.05097969887384,-0.5302898864824839,-0.5735372085701326,-0.6243778556931492,1
14.008,7,6.745597787202916,-36.93322763415714,122.80145184255039,7.097287557707033,-0.41159201364813247,0.9073352430472502,0.08564327775992087,1
14.008,7,36.9712149990226,-38.0268897221948,80.02546198812892,-38.33178433310653,-0.6525203929262946,0.6152337423519147,-0.44238510269557224,11
14.008,7,3.4804856403186237,-37.0716993918403,28.966839113347486,29.272299176491316,-0.7480699125237288,-0.46718314343970907,0.47130809080953945,10
14.008,7,13.653383929023292,-37.16755315882908,61.6496411378682,31.287639902056817,-0.5859768584510665,0.651749182713055,0.48151233026027856,9
14.008,7,2.850529065201671,-37.58984872034599,54.09765270604787,-52.11222360620896,-0.8347346160265107,0.14947375073568367,-0.5299770925691794,17
14.008,7,38.16366468605115,-36.908663928583955,40.18585522337195,-41.50035398295285,-0.6597491926150011,0.08950701713154628,-0.7461363794428384,1
14.008,7,59.49700380059309,-36.46773247338601,146.90833518142628,31.21897803489935,-0.29999192019128196,0.9177614772181585,0.26022820514750344,1
14.008,7,31.568348774605905,-37.24394486020829,12.995896865925346,33.69029876998399,-0.7170363999177249,-0.4946879065201685,0.4910628028426928,6
14.008,7,32.508653335370795,-37.735660193364055,40.334785351055494,-14.533925709815861,-0.9567087564196597,-0.04014317240816356,-0.28826529638330894,7
14.008,7,50.129992539887176,-36.409097642258246,52.77731755562715,36.40993021892029,-0.6180920774601776,0.5419996368576853,0.5693843846006836,4
14.008,7,24.503277138578618,-37.46625436150519,11.97627125618454,15.75228653246512,-0.9503574065912089,-0.04154177027746838,0.30837490342024576,11
14.008,7,8.934328097486201,-38.88353231706485,20.23387906595097,9.919054844666354,-0.9678733843615372,0.2496247688677652,0.030142770480812042,13
14.008,7,13.737769114496357,-37.30410433604335,90.11968020807934,-83.64499908903731,-0.44122075148180717,0.30242021539872393,-0.844906066838213,16
14.008,7,20.107528567483918,-37.8830396682579,0.4801109192795852,34.86251520011147,-0.6152221419286397,-0.6274214109455034,0.47733016787951993,6
14.008,7,38.981427866031204,-37.446407412310435,69.96170086403457,47.49874502534604,-0.52935631030729,0.5603214859599291,0.6370413872814772,1
14.008,7,59.3277555885423,-38.41730625329494,17.54762568586998,-22.743573943854525,-0.9457954918700925,0.30346596932473596,-0.11566889391711274,11
14.008,7,35.18265586519245,-37.855763001483645,-3.8788869703809596,-20.288237497606772,-0.8062695607587386,0.5414591392287014,-0.23822551487954507,16
14.008,7,6.835817225421272,-37.11458623883418,147.22185195151926,20.839068242538676,-0.32115467320645963,0.9300140663587355,0.17869950266450615,1
14.008,7,4.7755988551039685,-38.50180647390679,31.74435636724495,15.265432070438107,-0.8289134814082711,0.4322885705478614,0.35500567898740215,2
14.008,7,31.857493459349868,-38.73385555748003,44.95795329964293,-5.758977304583917,-0.9585418281959809,0.2109287935646697,-0.19158968564111134,8
14.008,7,21.88262340943668,-38.69897989680969,39.19183564958527,-24.03177863411195,-0.923088750234169,0.33254296512949205,-0.19318989501007988,9
14.008,7,8.909610049279717,-38.38050113952415,10.56850320792827,-23.50950055774622,-0.7660475882931659,0.3719744163522232,-0.5242195399349849,9
14.008,7,39.909361806364046,-38.521999532293954,33.11625198151488,-28.881474525782206,-0.9044546595041395,-0.00774072527034804,-0.4264995311527789,6
14.008,7,2.585849335292347,-37.62620545684164,73.4393341515962,-14.464903983783561,-0.6597869544250891,0.5416197001757412,-0.5208927674214778,15
14.008,7,41.57791609820291,-36.971429968834876,-61.12558530508512,62.06960099339457,-0.40460610043043094,-0.5666692376207186,0.7177603211579988,13
14.008,7,14.998030425680206,-38.13897856525891,-4.777464588977427,55.54983450422611,-0.7568679538227311,0.23191053020121535,0.611038792923971,18
14.008,7,8.304182533222011,-36.7243839882784,87.63651292249418,-5.57239009545561,-0.8620956021039684,0.5061684366512733,0.02418029302970178,14
14.008,7,8.826870295680308,-37.36143435638272,19.910721890018078,-29.909746297069486,-0.7839743344811858,0.2100952641400491,-0.5841611274817118,6
14.008,7,14.63120744730639,-38.40334491532489,0.7306305176852261,-25.53940196113507,-0.8648785424678239,-0.07332255274985035,-0.49659733188668864,3
14.008,7,20.892155378432328,-37.135636512116676,39.01485471044419,23.671808235297288,-0.9076351861098048,-0.044392805654769454,0.4174058549439839,4
14.008,7,13.156400327691367,-37.208059303835604,52.424422298677676,-31.46853675864331,-0.7666100620788601,0.24881759193162714,-0.5919449456366636,5
14.008,7,16.91730926444912,-36.60961085397518,61.632723141405975,35.88714560930168,-0.6589604759935405,0.39420836543815146,0.6406019479340874,1
14.008,7,16.696597061577826,-38.542060744776684,63.607107533598615,-6.155678289487453,-0.9780967208036342,0.1772133624991885,-0.10918895962920874,8
14.008,7,71.23380173331681,-36.84006920593145,177.67108469440916,53.644187545994626,-0.24616263815022607,0.9373279889465902,0.24661751096842607,8
14.008,7,6.447337459105053,-36.98273255403528,24.81687672663428,-38.741570526260546,-0.7452285707985069,0.09961595712715073,-0.6593262002614916,2
14.008,7,19.6065235245501,-36.60948464545549,86.88716539289685,-16.883163857641865,-0.7081831785155523,0.6352637474810772,-0.3080853076729038,6
14.008,7,38.204891040464624,-36.76799531558338,60.38907036538545,-24.465660390506656,-0.6413681620023731,0.661055835739161,-0.38942529810593557,11
14.008,7,6.746425579349835,-36.61356438762714,-81.61953220499063,47.09564997345608,-0.3256219691820183,-0.846748857593986,0.4206978789455733,1
14.008,7,27.17415230947241,-38.51342732628534,-11.562043722797222,-7.231084296991833,-0.7805357497002705,-0.6155869679234932,-0.10870431620960153,2
14.008,7,97.11715380858703,-36.6841873061,69.9749763533037,-312.2540029574402,-0.11548960189224869,0.17525227784291406,-0.9777263374613778,1
14.008,7,50.678498356561846,-39.35326438033039,35.16437316704505,4.166235839816698,-0.9878513936644805,-0.11396055425609804,0.1056532825272691,1
14.008,7,45.35751629608297,-37.58654241028189,65.28217329547688,38.726076846894536,-0.5823559033121041,0.4818181662134424,0.654761679227075,7
14.008,7,59.22205988084204,-39.04681447887879,-19.407640759785732,-21.335735719018874,-0.9177576628360055,-0.3212343146901972,-0.2335152829502012,7
14.008,7,65.64509240077622,-36.523318034600074,2.4996832512452913,-108.613985926964,-0.33171414468333604,-0.1653480537976031,-0.9287764786655333,3
14.008,7,16.041456896831416,-39.154012320934,-26.921817513946063,6.744413137504507,-0.9138036951143433,0.08905458864681981,0.3962727432417198,24
14.008,7,22.88884213475534,-36.9934406323634,-100.07092637529115,-58.184565070798286,-0.2380379655774421,-0.896082101437814,-0.37466624404467475,2
14.008,7,70.61479652613556,-37.853900617666326,33.0426586694861,51.88766668758543,-0.6693509415152114,0.23892266688063207,0.7034808286963808,5
14.008,7,20.821773776143893,-36.74061070972628,30.990861866735187,60.42748424078479,-0.5417056303890616,0.20047127120971733,0.8163126113348668,4
14.008,7,50.12343256246872,-37.24886636296031,17.395919505197277,-5.743889927290926,-0.9455922379501475,-0.30611568430075253,-0.11022026743531958,3
14.008,7,4.908699380294928,-36.76415977218762,54.70618035844781,20.694441018678337,-0.8092057879024867,0.3415420579380202,0.4780533604991997,6
14.008,7,61.8365583041679,-37.364005052142346,56.37152459106154,9.442814826249682,-0.9724432037783612,0.19726838724844067,0.12425537741955414,4
14.008,7,75.65079874085868,-37.544537614680465,20.14861318231734,28.329615324445818,-0.7969875421239935,-0.17810347047265596,0.5771395078356286,1
14.008,7,33.80554335914641,-36.74260470172006,12.916885698185258,16.31184580406949,-0.9248816808037251,0.13077281723676654,0.3570607046226667,3
14.008,7,74.0360449727628,-37.41480495051597,98.2553125397674,-3.7496565429155018,-0.5625559741536867,0.8239847752073239,-0.06767470849979573,10
14.008,7,84.4553452937338,-36.87940755381942,-49.69119712715689,-75.35134459976621,-0.39745255561871146,-0.5751457832143034,-0.715009646146792,4
14.008,7,26.89626584514486,-36.64054988718358,3.2067391222450636,27.68358309717282,-0.6952899728009607,-0.48863941948603795,0.527070556421801,1
14.008,7,6.044112042645406,-36.57069021914225,34.076984407870476,24.781083348728398,-0.9649453494876068,0.21598185178588958,0.14910503747820966,17
14.008,7,59.18764738930742,-37.03387772713148,61.10583102528774,-22.982749199079485,-0.6381454628150636,0.6879128056593473,-0.3457547398061717,2
14.008,7,20.128097308794406,-37.27271575112604,103.98705203782059,-27.10775740179799,-0.4735151778135637,0.8183684681476698,-0.32566305704182297,11
14.008,7,6.369902841339817,-36.95588236409615,-26.027582206762286,-59.33136402705687,-0.3973920446337041,-0.677241324441409,-0.6192122021816837,1
14.008,7,77.77145639891096,-37.84391813720525,29.89985326751112,3.951790679257763,-0.9113318581527792,0.35990892012567266,0.19984947718164106,6
14.008,7,38.03138833824861,-36.462117149321934,-1.1362499574033464,-14.106210449975759,-0.8093948135102985,-0.5592973743495229,-0.17907116716087654,9
14.008,7,5.094541082705088,-37.0801053800544,-60.554012814741206,-0.13280775330301467,-0.4608617961152878,-0.8857827263914678,-0.05472994160319194,3
14.008,7,20.396550237018992,-38.321252200097035,62.207009242209665,-17.98967737071396,-0.7693306025405989,0.5377502816304173,-0.3448986207582252,4
14.008,7,16.108277755189764,-38.115867971007425,-4.689319748064903,31.63966053080801,-0.7751741512324963,-0.21854288923011417,0.5927428117049864,1
14.008,7,41.18884312125306,-38.51271561691975,54.521263297305595,20.675396997756163,-0.8380827479605257,0.4610406954063638,0.2916483923325319,8
14.008,7,14.906162601331943,-38.66565222997406,44.79506234872005,-48.17217704422521,-0.811622146730481,0.16814566680919277,-0.5594609241670928,11
14.008,7,5.04494903386389,-37.908651049554344,-16.318464200760182,43.483532209320636,-0.5338175349609422,-0.7318644682461252,0.42357200035771936,10
14.008,7,17.937101470203842,-37.83677714160098,-2.455136682141964,-9.92355489860067,-0.7994257696749822,-0.6006741579599217,0.010440054535371932,8
14.008,7,9.818865857620429,-38.69798478125467,-0.4557131429738629,16.14814672895237,-0.8906248104549908,-0.28309645769603237,0.35587054196992846,7
14.008,7,50.54601037049563,-37.6684038455083,-15.61130345191044,-25.217620265139594,-0.7954981165949893,-0.4626817888459339,-0.39129056820239316,13
14.008,7,16.533234836689086,-37.009732842783585,30.079266024077985,-26.171245832353467,-0.8556279774681483,0.4280003852592983,-0.29106087746665343,8
14.008,7,62.2496139210515,-37.07352284226885,41.69610234023812,-63.64716222745577,-0.5237316142384707,-0.052298486419883855,-0.8502764636077815,1
14.008,7,39.503406788239225,-38.00659749283965,45.45440818907078,-55.16640222805357,-0.5522655298526176,0.17124965866435488,-0.815889906141723,3
14.008,7,39.93085498759786,-37.22905745676727,57.88247147416276,-4.64932810883434,-0.9700113571253537,0.22018821873395625,0.1029325768578497,9
14.008,7,14.060127685723947,-36.62870811695712,145.11721727614352,-47.62289821689456,-0.2909245138373907,0.8639690386077704,-0.41099930361941345,4
14.008,7,8.240055022075463,-37.87497953950589,-3.860235777127673,-0.18453084754507418,-0.824993207308892,-0.563729046924116,0.039947084351875536,4
14.008,7,9.925062274488047,-37.03586726525274,32.61821891392868,-32.97097235447828,-0.9583572459151662,-0.08977606240266313,-0.2710934300594002,18
14.008,7,41.6845426047721,-38.26988884068526,31.45103012194988,56.6673573355763,-0.6759294126904313,-0.15959696270045778,0.7194777540388289,7
14.008,7,111.12819241952137,-37.203244818418845,-2.3789985826320543,54.51361503435294,-0.7050662519884189,-0.17461660026773862,0.6873067897365343,9
14.008,7,27.454320081187397,-39.0377680181171,55.491262351702474,-22.522226454776415,-0.9919810355272772,-0.1089613375865425,-0.06403945709937257,14
14.008,7,45.39952568873826,-39.40925041561903,25.457562341453333,-18.061833521064013,-0.9991238776596689,0.027107467148748357,-0.03188514254455508,9
14.008,7,4.808963354253069,-36.7223328125098,54.997535812995984,2.6961852808753113,-0.9424445822967559,0.2896937689181709,0.1669602633846709,26
14.008,7,6.069931620695776,-39.217444496695975,37.2703554402603,5.387148009677594,-0.9228399152656083,0.37103134402873506,0.1034515951582949,15
14.008,7,16.93073071925493,-37.480003769162444,-8.898095390484675,-84.64433854487315,-0.4220693980834643,-0.35829720364488077,-0.8327547880749295,4
14.008,7,79.74287142900815,-36.38910850477814,-119.7647234556758,-181.51621866629114,-0.16501333056942902,-0.5559801138490393,-0.8146512835187788,1
14.008,7,31.175207054420643,-36.362433520849365,-67.98754779813768,-118.03022726870755,-0.24551700272703447,-0.5342272612725507,-0.8089021168751899,5
14.008,7,49.74770945825948,-36.46637169775038,38.732166135113175,-2.015323910893378,-0.8553892442375066,0.5169016829862895,-0.03349464089565526,4
14.008,7,3.241152634440956,-38.97754173400081,22.151717318831942,5.443805643307586,-0.9710535501808127,0.23885021173346185,0.002361998331987844,8
14.008,7,10.391100179377194,-36.747753758819265,-7.155358746355424,-21.19224377852328,-0.828033180329492,-0.22220031208989888,-0.5147699229564395,10
14.008,7,1.9209374536971706,-37.27121101589201,-43.155242852752274,-54.22290638686207,-0.4354980085529839,-0.6292631196160406,-0.6437153181628303,3
14.008,7,30.73305881303203,-37.41297150472702,36.161646914698025,-27.50615076558232,-0.6967905525623329,0.577399642338628,-0.4255497372659317,11
14.008,7,12.310364291614645,-38.74217665791195,20.48901420563551,-7.4906755051825495,-0.9670162713453548,0.1752007511996055,-0.18488977184371513,3
14.008,7,6.353285787657127,-36.87989283450368,-46.60928376796027,52.86939412486251,-0.3838296277805173,-0.6937614127259691,0.6094012791669682,8
14.008,7,34.28288116396975,-38.529723785499534,15.00690987945548,-4.7873622329979435,-0.9813165982948465,0.020912468403881286,-0.19126003915164147,13
14.008,7,12.104033591437023,-36.33846526554896,7.151316832920709,42.47919866727229,-0.5093123020864834,-0.5762014067180524,0.6392127328515167,8
14.008,7,10.94049852808756,-37.20387311428358,9.167952556893294,5.9366672237214235,-0.867443054459687,-0.4974463745728846,0.00946845784392847,14
14.008,7,20.359973279177368,-37.75276811023811,-0.4437849944411456,-0.47025309955737626,-0.7926498940368467,-0.609531917390613,0.01330365233680585,3
14.008,7,15.660141231621173,-36.46313303183786,12.24974948118251,-5.03682069204271,-0.7689812970119285,-0.6299389654552189,-0.1088331964386818,1
14.008,7,25.89882939189472,-37.65652080507352,61.71033076002196,22.304572448827106,-0.7070402145616878,0.6548670776118195,0.26691430394925997,11
14.008,7,15.822460671806672,-38.79911856305491,31.27383366753774,-25.38262197898829,-0.8920064422669248,0.13363660093058422,-0.43181681978128555,6
14.008,7,21.582669978779485,-38.22879097330928,62.911340193284225,-29.845461413533474,-0.867525828994489,0.2525086956892493,-0.42853038938765886,9
14.008,7,35.27125360784155,-38.343747856726516,24.9649016616366,-7.666062632025726,-0.9968114558060538,-0.031387992841930515,-0.07336017638453723,7
14.008,7,104.65139243738182,-37.347404422594174,43.713843016083615,-82.36530469517179,-0.4649949915883671,0.19794566332732905,-0.8629004416313844,5
14.008,7,42.271362464726934,-37.32774740505161,6.7791015671974915,-54.93181033792508,-0.5817099479641417,0.05324397767735316,-0.8116517820350357,2
14.008,7,44.99151705447716,-38.39478722726079,2.928713251467936,-0.1845945965965636,-0.7812818418609906,-0.6237206377687169,0.023900828430892584,2
14.008,7,4.284668602691873,-37.11584993429075,79.05618776707968,-9.237637865004558,-0.8439304356027899,0.5287889443575301,-0.09035304194400229,5
14.008,7,41.82970396571989,-37.177674675632495,16.583590814220255,26.45310191381072,-0.8088491513602416,-0.20966374687656683,0.5493670572481535,2
14.008,7,67.41215088918912,-36.490140163260385,83.00768679850542,23.255605880145637,-0.7901106984988969,0.565481190129643,0.23655043379192503,7
14.008,7,12.330526096289224,-36.33137287632412,67.92080941417461,-1.8362947131667653,-0.6214779986747678,0.7798046041077061,-0.07529858282616747,7
14.008,7,10.314509796190464,-36.93399621411993,14.671924599894714,22.358738524960426,-0.8950872344166366,0.20279337881779566,0.39710664599328865,4
14.008,7,28.116297548307514,-37.5172678718212,9.39929700324196,2.8011591789746855,-0.9276281245371817,0.26612501418013956,0.2620754459983834,8
14.008,7,95.36563771060207,-37.169345720880465,84.94041165754142,-2.3896402634875202,-0.455812689220633,0.8889876099276751,-0.04399797427762472,2
14.008,7,3.215083162933702,-36.832837480519146,36.2115079659735,32.70048948912392,-0.698022671015684,-0.037736428324084,0.7150806337228491,6
14.008,7,24.834997432039845,-37.28585482727039,37.54246512826885,14.531619080093545,-0.8472375599427315,0.4092441959554502,0.3386852596424345,1
14.008,7,11.768518006748442,-37.3529626307827,-3.3552007762926648,6.526476910988563,-0.821713459809339,-0.5687908560033201,-0.035552103948657474,6
14.008,7,17.040269982490585,-38.11055425713478,34.30011381213961,-26.835160326698883,-0.7599342178858742,0.5337349273118444,-0.37098114757168593,5
14.008,7,45.74912210025585,-38.24542526807795,14.161960148380325,-31.66637646066215,-0.9783290416721835,-0.20417730669839623,-0.03440804629989903,16
14.008,7,36.341186100737815,-38.29195331679529,23.985674065823027,21.41201391823604,-0.8859104521030485,0.2533202601855526,0.3885762687479719,5
14.008,7,27.35869262648286,-37.67973212164556,108.87488625134996,21.073160792730658,-0.4940559881921455,0.8168833227887408,0.2976748519460596,5
14.008,7,29.824253305759722,-37.84917748610266,-32.16763133762634,16.77224815339172,-0.7206586169602469,-0.6924398904083328,0.03432427671838616,10
14.008,7,34.95533376114057,-36.7358745759839,73.64068799855295,19.61983102927304,-0.6126664492806287,0.7309549278906224,0.30057397644886313,8
14.008,7,27.61330863697509,-37.004408620285574,-16.1129025401761,26.6189043400543,-0.7250643692854134,-0.6454092879643938,0.24026758291962716,13
14.008,7,12.075952936142814,-38.35723633401091,30.256359268320217,36.65030461866146,-0.7654861097680116,0.03791007380579199,0.6423346807204755,7
14.008,7,41.07483842880306,-36.96116933165545,38.7568128785626,-21.370690263291138,-0.8339163963274886,0.4993409825268074,-0.23503622509166056,11
14.008,7,5.964334803353731,-36.513412543176756,7.369504147268603,20.303327495145655,-0.882462659003121,-0.21070323505561675,0.42055178302111473,9
14.008,7,10.948713632788943,-38.99702370757306,11.863738910775139,-1.0185225551644577,-0.9998759117627576,-0.014322787294510614,-0.006558874957680705,9
14.008,7,31.567939706716924,-38.80255158137036,46.222973967274115,-7.677420011180873,-0.9414637469443312,0.24209719892420264,-0.2345953099757015,4
14.008,7,66.05619473698667,-36.850923112454105,-19.731763499648196,58.33825091555957,-0.4822607367293184,-0.3995334919754237,0.7796137316640973,1
14.008,7,5.0918282884464015,-36.89479645129162,22.770595136847316,-4.555532144901742,-0.8875707650361586,-0.4467842029391753,-0.11225868811425799,1
14.008,7,18.198763109749134,-36.62109711154305,61.760551834057175,3.856448671194288,-0.751526187720117,0.6550643595053126,0.07809656891798815,4
14.008,7,1.1310992760968164,-37.701622982674095,29.240201822112752,72.18084419027099,-0.6770152948818569,0.22043017538052329,0.7021829022966484,19
14.008,7,50.11622756806445,-37.532721701046796,40.15542413927622,10.197706927294721,-0.9804374850921037,0.19451935328842687,0.03007588772627316,6
14.008,7,32.08115985056393,-36.93644348317213,95.259819338568,-51.53280038534681,-0.42326380167177285,0.6716986904434002,-0.6080038021681932,1
14.008,7,25.66424499177421,-38.46802332297463,62.314863467409985,16.253503102706055,-0.7091894504821434,0.7047911865976312,0.017880341695245893,14
14.008,7,49.53144192876327,-36.82078522130652,-21.68213667951532,-38.87972233496511,-0.6335236761129714,-0.4282908529500909,-0.6443715520439979,3
14.008,7,3.1601361804613073,-38.47891272466182,43.39163222526291,-2.265988123413692,-0.9710519206942047,0.00008471182476919858,0.23886849968131668,12
14.008,7,1.894745493628737,-38.77794053651956,38.6000565309355,18.99765711871856,-0.9405249808578112,0.2225850069930842,0.2566489334563902,7
14.008,7,24.02734515824963,-38.14724829268784,50.17322059345132,22.16722842510409,-0.8655637672524706,0.1385681805862441,0.4812465315705965,1
14.008,7,12.068797871734573,-36.787393335085504,82.55184937744362,24.882247244128482,-0.5872315691679035,0.7497704188628834,0.3049645933067941,5
14.008,7,37.858267909704864,-36.682246044639406,-3.0229834714282227,27.0778101059378,-0.6608263771063373,-0.34911427161284797,0.6644002744405991,8
14.008,7,4.251982590565295,-37.06674778935465,24.2725877046511,-22.182737600268805,-0.8770853443664406,-0.2276223371233958,-0.42297679645588776,6
14.008,7,28.912544645874597,-37.200729445309925,4.617437534722507,-39.61246557111102,-0.7435066964660018,-0.3733031462618409,-0.5548356092584753,9
14.008,7,16.645003704078285,-36.74217858642142,33.5185012319883,-38.42356187447617,-0.6775733735362314,0.10142870809132067,-0.7284274436412018,1
14.008,7,1.3887270845917912,-37.71648221704148,-15.407976108232223,11.287289492312926,-0.9165842897778425,-0.3907034326981244,0.08499451400149596,7
14.008,7,104.96452829932839,-36.73070053253772,14.425558833660183,-77.8173190215759,-0.450155313919303,-0.27943847157782264,-0.8481004268083258,4
14.008,7,5.4196318601347455,-37.6137971954008,58.192095071226795,13.538643211885166,-0.9560576712694145,-0.10996427063082756,-0.27177488550551243,17
14.008,7,30.68559186795356,-36.55807853628243,44.861064962454876,-26.455193963683104,-0.7081101600217005,0.526039868319036,-0.4710223542603186,5
14.008,7,62.38706948619678,-37.059990586399756,17.07077300169078,-105.75684189923112,-0.33791991761788387,-0.19641383663403303,-0.9204519183834765,3
14.008,7,3.0299981775739946,-37.94837149721017,-19.82896846475835,-21.13590502853328,-0.8041304886884441,-0.4701386388490202,-0.36379089793846514,13
14.008,7,1.9426470028451244,-39.131850333288995,31.36367281823867,-22.881531128510453,-0.9096358065575081,0.11427520045626488,-0.39937936600324314,7
14.008,7,10.539323411738946,-36.72228190836265,-0.3070058887891815,34.264745804991236,-0.7550176903277145,-0.11813181200362598,0.6449753191285257,7
14.008,7,28.162009316073807,-37.25443329559051,20.275952301709722,-16.347580346744692,-0.990661173435372,-0.13615816105030173,-0.007169004606746103,19
14.008,7,76.1005261305673,-38.34616683171443,-30.14287161115106,36.08890322229393,-0.6584394483726529,-0.6164803992491815,0.4317515607016222,7
14.008,7,8.400198085910585,-38.607250752640645,11.442048706651903,26.788681000380926,-0.8200003666150826,0.2700085656898183,0.504672936866301,6
14.008,7,16.692163408140814,-38.57150314224432,-18.643291663450302,20.12591528213485,-0.7728087412163978,-0.48986249055372894,0.40348654233818604,2
14.008,7,32.47867846469633,-37.79460549837077,53.9092744685267,30.47375429027855,-0.692998470830291,0.5009576586416536,0.5184539937884084,7
14.008,7,22.287201545287505,-36.989685894039575,18.10735933976971,74.5119239344044,-0.46673942203688196,-0.08734284468436995,0.8800713263134526,2
14.008,7,14.643860540754597,-38.061086327545446,77.35840486704384,-28.6260843656377,-0.9111509181593697,0.4102868565566179,0.038323617707977105,22
14.008,7,19.291679527320095,-38.395916459632744,40.7266990103967,-48.079341744889994,-0.7402497893226031,0.11486465379714243,-0.662447251270548,9
14.008,7,4.384616995880346,-39.126995921970625,37.65857540449086,20.398874319795738,-0.945547796985871,-0.028541679642219358,0.32422944983200896,4
14.008,7,36.84996877984833,-36.412915554614344,-26.686777679021574,73.26366269350595,-0.4304420452227292,-0.6184503921816745,0.6574486733691133,9
14.008,7,46.29211579243005,-38.48481735107279,29.478459262119795,-52.45790820354653,-0.9995647993047365,-0.01948817953076004,-0.022145492757195406,21
14.008,7,30.29969407967126,-37.75638767888558,-20.882911972892476,-36.03498083142866,-0.6839353145194925,-0.6324901244628303,-0.363577678096602,11
14.008,7,48.61888790049425,-38.11065445492561,75.11604140725677,-28.772274643931862,-0.7598046055613783,0.4627984306488465,-0.4566339605818682,4
14.008,7,56.66015891424078,-39.06936597744086,27.800677572964624,27.039770561343417,-0.9225860035829399,0.29709277270268175,0.246111662463794,7
14.008,7,13.459496287409621,-38.77826378145999,73.72846152026776,-9.631827240259001,-0.8797570408150217,0.47542081447079504,0.0016119256565769666,13
14.008,7,4.689595053562932,-38.5581217377904,-9.913195471624466,-12.344018169696087,-0.9254531429454168,-0.2687785756885474,-0.2670104070317969,2
14.008,7,15.319726306484519,-36.4495936327813,44.75961769943964,24.435125227551122,-0.802747285303389,0.2378792433704164,0.5468183075863112,13
14.008,7,36.390112091725726,-38.33253697349865,21.377828229769047,16.89136133380288,-0.9552184772814788,-0.03435302554125356,0.29390054490629136,4
14.008,7,3.497293993579629,-38.92354585599348,2.1714651707541512,11.697606266906938,-0.8129286089868012,-0.576885304918734,0.07968953293628939,8
14.008,7,70.54173503160126,-38.297925300278365,89.04650677224583,14.728677572412206,-0.709725456005082,0.6627983231082639,0.23872193025202365,4
14.008,7,23.00142776845556,-37.684725336521055,3.3604804817106144,-62.41257246910094,-0.5357967824475715,-0.2991762382617478,-0.7895665813459812,4
14.008,7,63.501287095799576,-38.55600254620907,54.27098237519079,27.558022080156796,-0.8168930977174456,0.2606983051682888,0.5145114776017905,5
14.008,7,33.03102713261475,-36.667863829452614,13.68109253456105,-65.44975447939501,-0.5450269861763433,0.11618594086541803,-0.8303290983006375,5
14.008,7,2.485743150772959,-38.44946763977469,9.25683552378882,13.439609216655716,-0.9339128696566202,0.12789685590170208,0.3338400008090646,13
14.008,7,17.05556140787471,-38.639915963380844,34.86972036802417,-17.662419040925585,-0.966178580157625,-0.1416956788319348,-0.21545599514739203,9
14.008,7,71.43919290619957,-36.51343339407587,140.1919155014878,-184.41042215350706,-0.19351450214976948,0.43147782288823144,-0.8811237290036847,10
14.008,7,22.639739968500113,-37.851491344295056,25.95564279360274,-26.817095676085295,-0.8139833754750548,0.46476247215401295,-0.34846364075399067,6
14.008,7,4.7865903880225265,-37.38459877189852,42.67711250987849,-9.831575131366792,-0.9330648988526641,-0.03784219100278648,-0.3577119834576083,9
14.008,7,13.0418869095793,-36.78331508657818,57.21857662466815,30.55138413780033,-0.9332577673324428,0.30840151494549084,0.18416961012335922,11
14.008,7,75.30572601838004,-37.71137282666733,33.38409090912621,-27.362252281857014,-0.746565819800505,0.45354393422445666,-0.48676213537394425,3
14.008,7,5.137933606146879,-37.881081397971265,46.91678640804264,-52.52990236842448,-0.6257088471964469,0.01594005254188065,-0.7798938089670001,9
14.008,7,43.059788548360984,-38.749335613655944,40.56066067735247,25.656416577193024,-0.8359150010842955,-0.12339438885971282,0.5348083168390151,7
14.008,7,4.380320179579437,-36.96188229266694,118.09056124782718,17.2090142628617,-0.43994957471569873,0.8514144567631476,0.28554823501851656,8
14.008,7,40.07531118449455,-37.42333657156718,-0.9692004152673988,25.573279564527,-0.86887044964818,-0.01806580851693031,0.4947097818830746,11
14.008,7,44.45607537753381,-38.96009467324544,56.21159716539095,-12.062151212398424,-0.9502844598859891,0.21072802333552104,-0.22924472835879653,5
14.008,7,68.19875889545148,-37.06611465531009,-18.383366446629193,-51.79799301218672,-0.5716576716351962,-0.3147134664504828,-0.7577354026936759,3
14.008,7,63.928020684012964,-38.35826086516853,29.101771111445753,-18.044137680625294,-0.828064935894703,0.4229622555421347,-0.3679828696127192,1
14.008,7,10.823077908856979,-37.86347769138255,15.420123044612088,53.42183366430791,-0.7753878642857457,-0.07248988655978306,0.6273108290671698,21
14.008,7,1.7171530075689723,-37.77371779072617,-24.581594145508912,-3.5089058954324193,-0.5475770148398716,-0.8244070751126736,0.14322146250901602,10
14.008,7,52.73706440079695,-37.12319433345106,47.48513930674082,-40.934767566101584,-0.6387030728979407,0.5290778101102392,-0.5586904827538068,7
14.008,7,33.61543958114523,-36.71373519776321,81.46094001192634,16.85619731257245,-0.8379588565889295,0.3575114528446942,0.41232331458341015,15
14.008,7,25.790045070351763,-37.91880270961272,14.3474642539711,21.39434212705177,-0.9030215631131836,-0.3247935865491184,0.28117820450593806,8
14.008,7,72.27818671131739,-38.215659312227515,0.7099663930087774,-16.13943237184082,-0.8746816206458544,-0.3326965860354934,-0.35248410481136505,1
14.008,7,22.07209397305637,-38.84287390164145,0.2915326622048309,-9.175900070724223,-0.8791063312888135,-0.46721541084319024,0.0942433984879153,13
14.008,7,5.743828633668594,-36.807605742513836,28.954182065820696,18.903718530187998,-0.9842733109705499,-0.08630709874102338,0.15413349414704935,9
14.008,7,5.157569334580609,-36.47346700124767,102.59803375824694,14.875474869328592,-0.5813805800695303,0.7926446647254608,0.18360570960696868,3
14.008,7,12.320944696233617,-38.278854840574006,22.775699878887817,9.502051567620748,-0.9062671826658097,0.22287392097182301,0.3591754570869526,2
14.008,7,8.829931656775466,-37.947798640617904,16.414622252414176,19.30419667700866,-0.9421292505523575,0.32174928155097027,0.0941800142019934,13
14.008,7,74.05734668564075,-36.44895541497178,42.23336907545048,-22.76953418734352,-0.8744752498742626,0.15560792098952256,-0.4594335776613031,4
14.008,7,12.455163715335845,-37.99071807648588,30.98401439412244,-13.112124270630174,-0.8361682760985479,0.07367991745487401,-0.5435015030432073,12
14.008,7,35.279745137352876,-39.439325840006425,-0.7658979286633195,9.128526052912692,-0.9810530017866033,-0.115481877702577,0.15556009645080004,2
14.008,7,18.148730028137198,-37.41517573643145,-5.6546163060889665,-55.651454571337254,-0.5616698275351274,-0.18789849242878373,-0.8057426148464849,1
14.008,7,27.30254258624769,-38.82422992004883,26.02451105378432,28.171435621473666,-0.8423089334382208,0.2616684084432174,0.47121683402968584,4
14.008,7,4.416929283784164,-36.53063380448963,59.097775367919354,32.44418190241811,-0.7441137679747671,0.14349512911857712,0.6524598441510692,2
14.008,7,22.91865004050324,-38.12712966551086,39.442964412698785,29.592900783235,-0.7961153941576107,0.2184230863345202,0.5643506308505155,2
14.008,7,51.453185868828335,-38.617341425555054,18.349297964189937,-20.705124858966844,-0.9730462772594027,-0.13403401402083312,-0.1876588004786366,7
14.008,7,38.88936898768055,-36.89038674123458,-77.68182820194522,55.52575150971794,-0.3776771249764566,-0.7614805481744719,0.526789677216082,2
14.008,7,91.2411586435453,-36.47099534296136,180.14877314263413,-78.04245257319644,-0.24634242697537845,0.8180447991125829,-0.5197288863597387,5
14.008,7,46.221038269949986,-38.040911266915664,-22.40873070296584,-9.239354997084927,-0.6239493569424944,-0.7813607876691958,-0.012748312202860768,12
