14.008,7,14.234982953144646,55.48817911303539,5.115246787784146,15
14.008,7,22.943266251526218,24.008074528773854,11.690333192140754,17
14.008,7,6.247325251316027,-0.7428772703701738,-1.3642499628785534,5
14.008,7,19.632539708145995,18.98116091214206,-2.619205784508419,17
14.008,7,11.700355039106334,25.933997564447317,6.067795252969996,10
14.008,7,39.03439618748098,39.75776156898503,4.208282859013803,24
14.008,7,45.15608858323704,45.274116254100655,-12.553082240391793,31
14.008,7,5.964622890912841,51.13937665878966,9.870308545012723,14
14.008,7,0.3344720705773526,18.69587945661878,15.281900913857834,12
14.008,7,15.144224937986124,-7.576598629280982,4.322924966104314,24
14.008,7,10.48234574248319,-1.4927072352205055,10.867858577057321,11
14.008,7,7.924910926942258,8.46717816084647,-6.877882470797878,12
14.008,7,30.657133991980523,27.423850445434315,-25.166373717231888,22
14.008,7,7.732055829837344,42.39276221252581,-2.743534557325127,9
14.008,7,27.230172929103425,-6.879568617522351,-15.338881373869311,22
14.008,7,5.838146082607839,48.56486811701309,0.4955297688269605,21
14.008,7,16.897660862228513,50.62421868387032,2.3860311555238805,20
14.008,7,1.8502692554717692,11.249389841641687,1.699989589114607,13
14.008,7,20.116443583001782,14.885578484610965,-19.02307316748381,20
14.008,7,28.393523183569407,36.58663577861224,-15.963482415979877,23
14.008,7,3.632399936031334,1.978448617761668,8.781885213670101,23
14.008,7,42.02697193215564,-8.099104622819869,14.525647544297232,29
14.008,7,6.371296432511047,11.798356954428991,15.050440186132295,14
14.008,7,1.9406163111743813,-0.6396389530239167,3.2618435033850006,6
14.008,7,19.186689021282046,40.50006774663775,-4.15309846251743,17
14.008,7,22.924664394395613,17.423481846565195,-10.946404398637856,21
14.008,7,17.206184794955494,28.90660514689911,5.7749891536665405,14
14.008,7,4.338654890142035,1.031986193281768,-4.504725640654705,6
14.008,7,28.58488749913018,8.695428080276919,4.324402746271442,16
14.008,7,38.859928028081036,43.189278180920915,22.342311130740445,22
14.008,7,26.52983502641423,8.012096223297197,6.7632205273945045,18
14.008,7,24.895469493263587,19.67999762476225,-2.590135784105028,18
14.008,7,22.748310635996074,38.17596992478078,5.28699773788348,21
14.008,7,20.497406313701703,12.340438500665664,-23.93695011122679,25
14.008,7,16.035243918322852,-13.007607030117919,-2.712552116208992,17
14.008,7,10.471704486178604,44.39454940684479,-0.6044237053834205,7
14.008,7,37.4686701073845,52.66879805110409,24.871274731379017,23
14.008,7,40.50274635830034,31.29125677580427,-7.4406258698575805,29
14.008,7,5.495638667307292,31.952985906361928,2.367487391184859,15
14.008,7,14.054112465226915,32.98431266136802,18.504313755880773,21
14.008,7,19.964346624741435,34.32768252083737,-14.340675816288883,15
14.008,7,12.282476206773138,30.580302240857893,-0.905100299250106,7
14.008,7,6.2047767348421985,36.43144576132323,18.099080479849427,12
14.008,7,1.92204179461033,57.746199654770734,-2.1548881235520394,17
14.008,7,14.202307566097401,27.50145640526925,-7.978358966149985,24
14.008,7,26.74359064734262,37.600356207802726,9.558421466118189,18
14.008,7,6.369341109815598,41.21645103539108,12.858628801976844,24
14.008,7,5.321476160305005,44.44351719541008,-3.188424815821652,5
14.008,7,7.654207104413296,29.533504520413782,-9.161287275939417,10
14.008,7,19.086400995542434,28.133058386603572,1.8458352522615646,12
14.008,7,29.172666966263876,31.14925972212717,-12.46625792516944,17
14.008,7,21.90728810118726,62.64022541503182,29.82377851795665,21
14.008,7,8.191514740212869,28.562618228770475,8.074862940248076,9
14.008,7,15.401394078941198,36.87401978727243,-18.742293702761383,16
14.008,7,11.25630258140159,26.547795609811544,8.766704296766997,15
14.008,7,3.201839452487022,15.37093265012261,8.972214249136648,6
14.008,7,23.655467752087684,47.203382727254485,9.254677774605993,22
14.008,7,18.5370981107624,9.014981419100488,-8.222501377556751,13
14.008,7,17.624254169735135,11.689743564410735,-7.09006834662162,16
14.008,7,40.30579349151222,-5.768435019902058,8.405970585488149,35
14.008,7,10.047649848881845,33.51204800858148,6.112994109881754,16
14.008,7,3.017558531324366,36.58889862128797,-6.302108236547659,6
14.008,7,6.429165478371022,7.6901549336322725,19.286067256393704,18
14.008,7,28.361973547741893,26.533793724978242,-24.98056665636526,22
14.008,7,24.372053981347836,66.07909165888822,1.245561436718915,16
14.008,7,17.3967080620555,2.191437837761319,-15.072108033148645,20
14.008,7,37.88597109104941,24.924880417314547,-13.648873045782162,25
14.008,7,13.120350975304676,8.052843605051036,-7.673406419607229,19
14.008,7,7.215160255430465,43.761447144045356,-1.4971593177436702,6
14.008,7,38.438613686917925,6.377004601298309,6.065973860949357,22
14.008,7,21.758583383454564,39.64490449665669,12.043459084989392,15
14.008,7,12.030708232618217,25.072907044401624,1.2246838299671692,13
14.008,7,13.618603833148871,-8.584028894799163,-0.7293629217621086,23
14.008,7,9.542363466496777,8.107443386089539,-6.548835631750485,10
14.008,7,6.518820509214002,14.736599035244343,-5.37312294221615,7
14.008,7,11.582577783964789,7.710241029948012,-12.356959998156379,13
14.008,7,18.287998126124812,43.4316120715882,-25.357326629476017,22
14.008,7,8.668838719484404,25.031998864572508,1.466754034352561,11
14.008,7,29.70530544531131,8.758449799428968,7.017677728402477,18
14.008,7,18.631711338585742,36.40123417613587,3.6462657549254294,13
14.008,7,10.906273985356549,21.994987403282327,8.147413538005043,11
14.008,7,24.81839236182811,39.382376019735396,-15.74831930567606,21
14.008,7,11.340411185074698,30.03268341247532,1.1541226335081844,12
14.008,7,14.086742997136962,12.996410848579412,-19.148862723153577,25
14.008,7,47.416146666672915,-11.759212533177944,1.05906348709633,27
14.008,7,20.99228448435971,6.874293003743691,-0.02463698872651208,21
14.008,7,7.215853354217252,7.439434933900664,2.630370257930742,17
14.008,7,12.285215284121042,50.20410590990935,7.5812479954043726,14
14.008,7,16.518103920362933,52.12570536794382,33.71516402914892,24
14.008,7,12.196594755856777,65.87592209136743,11.750957025631445,23
14.008,7,13.3676844375283,46.88523111334969,5.8353672799632275,18
14.008,7,28.535122138733215,-5.883337772388809,-2.4770605584500744,21
14.008,7,38.90202069792749,8.506335257365851,-2.064601251690162,20
14.008,7,16.118366698541585,48.40799342591535,-0.13834984156479513,17
14.008,7,15.572170536844826,6.671444817603846,5.016311133381387,10
14.008,7,27.885595143709946,37.44145858073658,6.731019189828232,29
14.008,7,8.335388309026015,16.03058911748164,-8.35669131317153,11
14.008,7,22.298188298006973,25.048018053192354,-8.39423328539681,17
14.008,7,14.765867401782497,23.11614283877716,13.8092799428152,29
14.008,7,29.017269144137394,3.2251890148493696,-18.62708232942889,22
14.008,7,3.7626516733039685,18.54767016311082,-1.0381295004230906,10
14.008,7,12.609569935137838,68.55003872222952,-1.3820151893112336,18
14.008,7,8.069281093310304,19.23740739898717,3.82286042686036,13
14.008,7,7.071133991630162,19.278781728898867,0.5899672461155085,13
14.008,7,16.447650392321524,9.569569643026677,8.35852957744183,20
14.008,7,8.23848982549534,14.992627853353929,8.081114010911469,11
14.008,7,9.514665782325903,6.743459658582004,10.553239537405254,17
14.008,7,5.530966106299419,-2.5860147989074314,-7.9513021245697635,12
14.008,7,37.6228204844338,18.074408849108487,-8.92583637665236,19
14.008,7,57.34797677043628,14.47116887400896,-10.694566496167518,34
14.008,7,11.345862208987054,15.412929422122783,20.95042623447983,13
14.008,7,16.23432215132114,17.65733255990091,10.102881114855025,18
14.008,7,10.76816472765937,35.88728626864578,-13.441316228254225,16
14.008,7,16.384259651408513,21.00952802013208,12.908506770806198,13
14.008,7,21.82976047024747,37.87809367741185,0.771248350010353,17
14.008,7,12.08065246806557,13.424837397620722,5.766673420640099,11
14.008,7,5.627246246258172,35.70750408776634,-5.038843309990146,8
14.008,7,32.909678095868884,39.031447975287755,2.7263447362460975,18
14.008,7,17.243077758250624,28.562726643375843,-1.371593056177761,24
14.008,7,7.913820345649084,29.786758835648975,9.298583690075512,9
14.008,7,22.256327107210588,72.1711494184825,15.51095542371958,32
14.008,7,13.42689896904846,16.149263062185703,-12.07337704212358,15
14.008,7,13.238913838929692,6.780243156193233,0.8996431355611125,12
14.008,7,11.776958496633295,27.486905238194176,-2.617142288739877,12
14.008,7,23.304718508096386,-3.933464077421564,-24.12289405434988,19
14.008,7,13.709581985354532,1.6140100319523123,8.67906266911313,12
14.008,7,8.790732731589335,10.93031955591932,-2.949632838419681,13
14.008,7,9.451127168271258,20.932215175565915,-30.948924889905594,20
14.008,7,13.249734893682847,4.747291355977584,-31.160203780787462,23
14.008,7,8.564397016297084,18.515239483314563,23.256718610818503,21
14.008,7,6.011744731720898,27.691208216091244,10.423877046971114,11
14.008,7,26.37612775449421,26.654051840669155,-10.110135415190681,17
14.008,7,4.393711274742396,14.141165242542804,-3.075987391468997,4
14.008,7,31.52378903835278,20.509426580313736,-1.5965535641133284,22
14.008,7,22.11489466359767,51.325204151679216,11.670889826122796,31
14.008,7,16.849499136129054,24.582230427157242,-11.933718593947829,13
14.008,7,18.784639741901398,20.316169129036176,11.10102145366934,26
14.008,7,2.8469045720103,-3.0791521942371487,5.620871494602373,12
14.008,7,20.614550778583943,54.25267158327291,8.777790676664948,18
14.008,7,29.353489615818418,-10.362376802128336,3.72224915592277,20
14.008,7,14.087341294465274,-7.711673646867114,-26.520746049268638,18
14.008,7,27.365233358134194,40.06376972957995,3.6818347874717148,19
14.008,7,5.208246046996443,31.04594611416754,10.266002193174963,7
14.008,7,22.44008328320985,10.983946029082462,17.42444498553127,17
14.008,7,6.304208126489495,28.970353980151494,9.160711358684718,8
14.008,7,16.140652657650325,58.39579745697203,13.714259261066934,16
14.008,7,1.1479256922982273,5.379553494148068,0.5587544335158335,5
14.008,7,29.27840228106608,42.718826678081925,5.197468933899046,20
14.008,7,11.844079409200642,25.395709576744018,4.1270619643938184,16
14.008,7,4.178125994605306,41.028232857420726,3.4977062004937407,21
14.008,7,33.38356481004955,5.139935966515519,11.22259141846578,19
14.008,7,29.882314009540636,48.0062423705183,-26.735852730370816,23
14.008,7,20.526302540946684,29.02214324346346,-13.5921561766532,21
14.008,7,11.743494863043756,33.12442811826582,-14.470045722341556,16
14.008,7,25.68684804625976,27.407956604462022,-11.333033563919889,16
14.008,7,1.9010622588462058,23.032437648295115,-2.171002304197922,4
14.008,7,21.784685132872557,34.51065853583872,12.391716255856615,16
14.008,7,8.44454411057149,37.27343998450978,-5.60443165043695,22
14.008,7,6.7425267795923425,51.58124415672068,-16.124495312346458,13
14.008,7,31.940989414828735,28.746459187570967,-17.593845536763645,21
14.008,7,36.33280458379896,6.695863742556712,-17.51393573137959,23
14.008,7,40.31780991053553,-9.54041603502083,48.67771252653856,31
14.008,7,1.3996120935037206,7.01369264175217,-2.3126477887347545,5
14.008,7,13.401666087540876,15.620531376876182,4.853511065238594,24
14.008,7,22.2421658432026,3.084259340299718,-12.37436915964542,14
14.008,7,3.4810924110593464,5.222677733994481,-2.480784386672421,5
14.008,7,30.815538627044877,31.863643599807855,6.0079792196331585,18
14.008,7,5.850535395789363,20.63607294604892,-13.99773049016445,19
14.008,7,10.848729858502047,-9.192835874910722,25.29723385321056,18
14.008,7,31.98954757350165,-7.408574603356609,9.962522503722344,20
14.008,7,9.687109918569725,45.49845913060771,-9.876241726375934,17
14.008,7,20.919516079502486,6.271053918865902,-9.45400613938022,17
14.008,7,36.41858933358915,-2.9675321775952956,8.873514971121518,27
14.008,7,24.400308607612736,35.38301923754743,-25.15796201059153,25
14.008,7,47.036646063693844,22.54478533431518,2.953960304289313,22
14.008,7,17.440481928191062,63.709585206090374,15.11120079347406,19
14.008,7,8.50707873000471,28.92706398642515,-30.690219083893904,25
14.008,7,22.950936347442063,27.45523232671938,-14.179517531265649,16
14.008,7,5.23773017992507,29.903963077796483,3.54054948537712,6
14.008,7,11.649667241541346,3.9846834979933496,26.20094600115218,18
14.008,7,4.545312577281052,3.511085493662783,19.19222755003605,15
14.008,7,7.522001425419228,31.705490496679158,-13.320155039068418,13
14.008,7,9.15679332474812,31.593854107868868,-13.983213791778844,14
14.008,7,7.9395669919845915,17.13377554265199,1.4188429458239251,8
14.008,7,18.744883266555338,15.629521581518569,13.496219266075109,15
14.008,7,7.218667475636118,22.4334427169696,-1.7237656516826805,6
14.008,7,24.14046602642767,33.334493420092606,8.240258871779366,15
14.008,7,42.00874412983058,-22.06166056572857,11.248333631187803,26
14.008,7,6.339840147817819,27.905096753420942,-8.33306933863668,11
14.008,7,27.70392494949368,9.868502993115879,5.302307399796636,23
14.008,7,8.909983043512723,12.925701060606697,-1.2291381279913611,8
14.008,7,9.070197100568386,27.285672133236762,1.4327541111970197,11
14.008,7,15.297384220500115,1.4255873177765148,7.1700510064978955,13
14.008,7,43.53211444386018,-7.423937126726105,15.966681922575175,26
14.008,7,37.54242138821837,56.33185577789305,11.287884457687081,20
14.008,7,2.416490601812978,8.32505328772016,11.35951564737772,19
14.008,7,18.33618448052672,7.599748906673118,-7.243544834520229,21
14.008,7,9.270586358246518,32.73896807447783,2.472693402734333,7
14.008,7,20.25597712520368,35.36489841821888,-3.915512189493435,14
14.008,7,12.263023028710261,11.710872723740323,-2.5936276061121184,10
14.008,7,15.455440378409632,35.38816984169255,1.8076963854701262,25
14.008,7,22.48464810643592,13.16728204829859,27.37779918023832,27
14.008,7,27.16800038886207,41.81121336763682,-15.213739800629149,22
14.008,7,6.236049577046061,22.279380000569503,-30.321140541825855,22
14.008,7,9.278609315817976,9.93788119428028,2.703729470139617,9
14.008,7,15.139176387096043,29.410253274462058,2.022032337235879,17
14.008,7,11.59684558987211,-13.948363402450298,0.6888795727921516,14
14.008,7,22.949082853204953,35.0559138963935,-2.181581799568824,21
14.008,7,5.381457665538219,33.91065337789951,4.07613921768311,12
14.008,7,9.129663362121303,41.47746179184009,-21.469048851189466,14
14.008,7,36.95423348389764,12.432843887721791,18.253854299382983,31
14.008,7,4.964219593699898,31.967399513299565,-10.698355809002406,10
14.008,7,22.417171346896453,8.02348912567561,-3.082166249060442,21
14.008,7,5.5393105751775416,21.906411028491775,8.394285092724575,17
14.008,7,19.30821994175012,39.75810480250645,-1.45853408625312,16
14.008,7,12.093751226842453,5.991703141238464,19.918681155825507,20
14.008,7,20.161976707012414,35.190730534650136,-0.6949890642800095,15
14.008,7,18.961079388180664,32.06891548905087,16.93254987725039,19
14.008,7,13.772272853580555,36.47315611280776,-7.728639048345577,15
14.008,7,23.3318548263664,58.22842909092867,48.569729788862894,33
14.008,7,17.16108231037995,20.97412133374775,-10.850671697652857,13
14.008,7,5.009922503364465,15.9257888823289,-12.142495141188242,12
14.008,7,5.679358076802476,11.557684354087327,-16.595771923451625,13
14.008,7,9.684343695578288,4.6104137309627005,4.341713142607047,21
14.008,7,9.179914805354343,78.39638310165633,2.2257748065598815,23
14.008,7,6.80809038280154,45.01320811208792,16.297772654203996,15
14.008,7,17.15121437661293,33.27433830750524,23.79081067365715,17
14.008,7,4.311768475741314,43.14451173087737,-4.2901699778684925,12
14.008,7,13.45203248426302,7.125880065784888,10.41443551010527,17
14.008,7,3.555783523759146,42.3570465194934,6.397512292640359,15
14.008,7,5.03983338239512,31.761716148437625,10.416215545770898,10
14.008,7,13.601209430066307,35.12068462012188,-6.143701587950355,11
14.008,7,4.139026466625256,45.630208693345104,-6.011412167439893,6
14.008,7,12.976720487623577,25.97828753584099,15.696464560128726,15
14.008,7,19.134147281691558,-4.202757445520375,5.065400203687628,18
14.008,7,12.331922874910708,26.40756942772922,-6.72474880366805,20
14.008,7,0.9508072263503582,45.662564898382996,1.524075777479717,5
14.008,7,7.517014127591188,7.640883103526479,-17.593292961208423,29
14.008,7,26.439820767464248,35.76375440357274,1.8901960574882877,24
14.008,7,14.98453779922402,42.84596512207855,6.10682126227487,14
14.008,7,15.173083696854214,44.94306016595346,-4.2791302727193745,12
14.008,7,14.96788849703454,20.112960573005427,9.451424674764407,16
14.008,7,43.18414491093625,19.666322214490204,-6.930313239299891,20
14.008,7,14.16464861354295,6.047276578916867,14.792091414997707,16
14.008,7,19.989876649790187,47.05846865238083,-18.68877375143314,23
14.008,7,15.597984244804948,41.66570284968954,4.524453336067493,20
14.008,7,31.062113461667508,27.161174659258826,11.246109475194448,21
14.008,7,58.1577026334771,-17.484747340903642,-9.746326074083475,29
14.008,7,9.390999287024163,18.006963464667983,8.962217633228581,17
14.008,7,12.834483401353536,17.55653989746257,14.359050442228016,17
14.008,7,31.6183567167858,21.035775936108895,8.589969065322515,20
14.008,7,3.555852286542709,39.58434976546431,-1.7417439505553842,7
14.008,7,46.235981990198646,18.167676430864955,13.406714425118734,28
14.008,7,19.68067558518013,48.52758720842584,33.202513434635975,24
14.008,7,59.223021111850706,58.138084122993874,11.995377296776,34
14.008,7,14.566989281595333,41.38497261787537,17.37536595279562,12
14.008,7,8.306004390377366,53.5260895428802,1.2459574828908893,19
14.008,7,21.643383425580666,18.130882838160982,-3.8154925283445023,23
14.008,7,7.136416773994698,-6.580676604663549,-3.782246829263748,12
14.008,7,17.54634115836097,29.227712008204676,-10.367155443743044,12
14.008,7,6.514502174562802,3.0603275114279507,-2.918722790426953,6
14.008,7,7.681670895162689,6.732279493688803,-4.209084996052974,15
14.008,7,1.8815560218653016,1.9369325725898912,-20.274758420266803,23
14.008,7,18.023671875345272,47.30952728058856,-4.471288764722991,15
14.008,7,20.49188153034783,45.59170196776572,-32.15149162886788,18
14.008,7,8.816444072953473,44.79561089739069,5.663374947314487,11
14.008,7,36.15693321146968,-0.3482161868658629,-17.50473537107848,21
14.008,7,9.363240690081243,0.5539871937338836,4.49160177242679,12
14.008,7,19.497802676058704,3.409451047041615,4.295343382217342,18
14.008,7,11.944521012385186,39.379812641451444,0.30696520163817487,14
14.008,7,19.983637069807088,14.879417089813542,-7.2692202948316575,12
14.008,7,43.9010662664361,-3.948564575188681,8.88475278502932,23
14.008,7,2.80641628657388,46.95443790806293,0.7880821816069777,9
14.008,7,21.074132113202875,24.600921996641077,-15.171667611124166,14
14.008,7,1.970288579589391,48.43446956805836,-1.0221913794949908,7
14.008,7,31.48881675579051,14.089398425214734,5.887059780851023,19
14.008,7,15.366310160687691,50.52223869597227,32.42321510122936,25
14.008,7,34.94362221085685,26.968749755349155,12.650900519817563,20
14.008,7,26.50225182685108,51.45935408862145,7.991111797207796,20
14.008,7,16.761525214330188,11.864602897292663,-23.31928456621789,26
14.008,7,19.14436580080273,42.163346937175874,22.88686298606338,21
14.008,7,5.511866006566687,19.577427532959245,-6.820329071340225,18
14.008,7,5.453408823777787,12.356206563989923,-11.000315551043784,22
14.008,7,29.774783810645957,26.93965937031818,42.85606042197357,28
14.008,7,16.269961036766745,47.66175536708917,0.7352017501491598,15
14.008,7,14.407953004938586,10.281020858734813,-11.238820600181075,14
14.008,7,8.17583458595612,-8.158325872757038,-7.765732635507524,14
14.008,7,11.637788057328477,28.84778275319917,6.771670283269013,18
14.008,7,18.41469998695985,12.011815616665046,4.123170298269619,16
14.008,7,6.446869439730454,26.23985296965475,6.640154164856697,13
14.008,7,15.162212319014838,18.958587664032684,-22.117357647760553,17
14.008,7,11.651014331474247,32.50819449490212,4.873048536001113,11
14.008,7,46.228653774071894,21.320401725855195,-6.292395959053434,23
14.008,7,16.81630539746421,24.699216250604668,-12.320192918816733,17
14.008,7,17.450833972059936,1.0715334266616425,-4.694717287594167,19
14.008,7,14.448648670829398,18.479604388629536,-6.484237298906163,13
14.008,7,11.920003404340473,62.28760410429987,18.01170856617017,23
14.008,7,15.644271836816289,46.794988335999136,2.220973898188304,19
14.008,7,24.586671386161438,68.71931858713141,7.241924442597969,21
14.008,7,34.8671441557389,23.135409014885017,1.9438574546525826,20
14.008,7,7.128725970395585,35.519661839608716,3.874320980492867,20
14.008,7,20.848621589685933,32.688170871011415,-3.435954154153654,19
14.008,7,12.75041318389486,59.854533876944814,4.97525873084565,15
14.008,7,16.995916421857537,47.49505833305143,-2.8837603497045383,20
14.008,7,15.018429359891135,6.325177485666976,1.3349723976326482,12
14.008,7,7.642130647622984,42.3290934156765,12.321357033142487,17
14.008,7,11.387643867249054,8.538257346812973,42.76092837723568,31
14.008,7,4.810623716262121,-9.464987698386794,-10.955018820987636,16
14.008,7,28.84300967933883,16.216718841028364,0.20012191357901787,20
14.008,7,22.25467228698782,39.81854230806615,10.915118205146012,21
14.008,7,4.569045777777164,21.21594867000565,-19.887831946939766,16
14.008,7,4.4295710936576835,5.6059623206883415,5.518992208406234,7
14.008,7,48.355122632839475,48.871949257270245,10.70037470023227,26
14.008,7,5.218501826308297,9.684467934242614,-12.51089599272703,11
14.008,7,4.198488799785403,55.89906312638268,-0.9423675640698436,18
14.008,7,4.100848881342228,20.576136324047347,-5.105048145540949,20
14.008,7,2.8767034703703995,18.1336672655047,-18.82223091913081,19
14.008,7,33.74750164655886,8.381903003738774,-14.887642120328705,25
14.008,7,3.556790320162765,-5.528187160329235,-12.689431464748488,19
14.008,7,29.94927880757062,6.092103060676188,-17.46013152934754,28
14.008,7,22.129861302768703,19.001936874169807,-10.194200186200282,17
14.008,7,9.930195276342987,10.723766028257844,14.403001699376357,15
14.008,7,47.351276596226505,20.755998341236296,3.511674660675638,34
14.008,7,16.73588572508364,61.08487458913274,-7.526753474691271,13
14.008,7,12.284074683062057,36.13917162162166,-1.4690521541091655,14
14.008,7,22.820006244929107,32.953951267622365,-19.075930626246862,17
14.008,7,8.078173108484002,49.306469584196456,5.7618978859037,22
14.008,7,15.745296167167064,7.370359492674659,-1.3983002169324361,11
14.008,7,5.065487985173855,49.33373444441611,11.545284815854595,21
14.008,7,31.587552223144026,16.998997990210807,-13.782209675200091,21
14.008,7,27.203040939682165,2.9136330154910004,1.5275416174168353,15
14.008,7,15.876871525897796,20.283969632516435,0.7570963561366197,13
14.008,7,8.736419189813857,30.569581174173273,1.5278576350261164,11
14.008,7,9.421145688450936,10.859415243982463,-0.05413754283774706,13
14.008,7,26.548525541339746,70.69345474643099,26.01897508916672,27
14.008,7,14.284415327516067,9.942392169214655,-10.430377137147593,17
14.008,7,19.298160795875436,-5.646670710313909,-8.681626754038478,19
14.008,7,8.934083103826211,39.95863374640587,3.8283425429549434,10
14.008,7,31.340117627462643,9.88743467711311,1.2518641112654876,18
14.008,7,26.60505753534146,-4.916925141346495,19.932699109923238,21
14.008,7,31.432495967356832,63.07410873594813,-9.52691653856757,20
14.008,7,20.597681482483967,36.85524064227123,-3.5685272345392884,14
14.008,7,11.99452585935878,33.484258441175385,-10.386666803323642,10
14.008,7,14.86089987095517,41.35467406687752,-8.354745940540642,11
14.008,7,11.375241850698009,5.742252819777865,-13.38925067399552,12
14.008,7,22.618547435391775,33.47422713211126,-18.29622410350137,23
14.008,7,25.96706163233991,43.294453175828835,12.515825635545685,29
14.008,7,15.559694701549022,13.044838255875769,26.675801827359006,20
14.008,7,17.458020304718946,31.747874316990945,17.52491653387381,19
14.008,7,8.81495315279727,72.4600512063774,8.524423003808774,23
14.008,7,42.41869360467394,47.57153941675172,-27.035877412749215,25
14.008,7,1.0877746375534578,-23.722960885519264,-22.978300315170316,20
14.008,7,28.136357633488178,30.752036180938923,-0.8673327540704199,21
14.008,7,25.68788812058543,14.80442187231674,-2.704416037435768,18
14.008,7,10.345036716727199,-12.553262615865947,-14.591570559745591,22
14.008,7,10.269569594619986,48.43796464596942,-14.526284703681627,22
14.008,7,26.18107000896071,12.129103374209691,4.770775914693058,18
14.008,7,15.526149299654591,32.144139527683116,-1.6642488103112318,11
14.008,7,24.05159310781185,83.25708609296855,4.367068317891616,27
14.008,7,4.510676920741687,48.03937851064902,-5.309339042950677,5
14.008,7,9.379160561929162,45.67546251356427,-1.039358996567996,7
14.008,7,28.362901440066192,28.94698198835112,-2.330387705077978,18
14.008,7,13.953792094615855,28.675533329392184,-5.301635191491398,13
14.008,7,31.60394411635073,23.447542089196936,24.494206545461125,20
14.008,7,17.702625430918715,6.262691659531082,-8.525910710457994,11
14.008,7,10.722464007172626,7.065160774157591,-5.468482818517288,10
14.008,7,7.2057246586632315,11.76943054606489,4.4915599007458304,16
14.008,7,3.565200252965713,62.98783344747158,-23.630905290243305,23
14.008,7,11.434244993609012,16.36158448846037,-4.243429488590739,11
14.008,7,6.055924491994276,60.614389583255495,17.808316369842593,18
14.008,7,20.08240157851122,23.29039180801559,0.4026175274027438,17
14.008,7,10.065582728959248,40.82882992044248,2.2742947554272877,12
14.008,7,41.9100879086123,29.289433641609165,12.772034130070857,19
14.008,7,15.825294368353836,20.33719841857262,16.570319845130975,19
14.008,7,4.183365034794758,31.447398081676653,-2.097192545649233,12
14.008,7,23.020643804537446,50.31720453543521,-15.95610767790552,24
14.008,7,24.412637818328108,34.757691436907606,-17.946376815103417,17
14.008,7,31.3146052589745,33.65733957705639,34.071525596325536,27
14.008,7,5.136146422812685,43.33388276199941,3.3356990783282283,7
14.008,7,4.589286642787608,21.31582011848509,-2.8072785040788633,5
14.008,7,17.85749277682547,41.935639460162285,-16.188610737917102,15
14.008,7,17.088148720299625,37.00247084284792,34.13310672977559,25
14.008,7,4.928908650380662,18.978853920260168,10.24713617779111,17
14.008,7,4.342094733669348,42.467255802766566,3.5916701069681594,8
14.008,7,11.191268504076431,28.20886076841127,5.116378747823312,10
14.008,7,10.358329032161425,8.720173887654923,-10.868756315825443,12
14.008,7,16.31295589829527,36.305108273922365,35.37745142194637,22
14.008,7,6.358110717439456,19.32738126765081,11.114894076673796,16
14.008,7,40.56551429004431,15.956037688967315,-24.27867487031561,24
14.008,7,17.30479334580052,32.10228373365062,-8.170821542214819,13
14.008,7,23.816403414937188,28.294185854803526,8.802956178078176,18
14.008,7,14.166316616148967,22.267266514535716,9.545398682724768,20
14.008,7,11.18095261310676,25.35331700850002,5.438437346533424,17
14.008,7,8.239175826661302,20.68342749127435,-6.169607327479602,13
14.008,7,34.27099907464556,19.26152145410634,12.96804774510018,26
14.008,7,22.326791491522513,-12.519039987119486,-2.8243602544216286,21
14.008,7,5.123211128942995,25.84100975371524,-4.361182052685506,9
14.008,7,32.73857341008789,34.68682681746535,-62.81490950232992,34
14.008,7,18.522565975469572,13.69051353299178,-17.14227360135929,19
14.008,7,15.23782462524091,61.087606158083624,-19.29477999609792,22
14.008,7,30.74723442463043,-14.406710411805422,-8.056756567320502,19
14.008,7,2.467739217980506,10.419026467238861,1.1170857375193715,4
14.008,7,11.367001850600232,22.703911418814783,-4.001405033109436,13
14.008,7,5.416005138735734,18.69986238318303,-2.062576093091293,12
14.008,7,51.85999232473501,45.157454742014664,14.595018187517914,28
14.008,7,11.693615176118996,30.58157972963413,6.979123409926496,13
14.008,7,35.003005593227314,1.9833088800750187,-32.53597349724689,26
14.008,7,16.591223532499818,7.64006496714857,2.4603389041775627,14
14.008,7,9.753810510232599,22.392970479472528,35.50997132081004,25
14.008,7,31.627493616607666,9.024122388493296,-8.146018312553494,21
14.008,7,10.335379698057167,43.76731566167837,3.9481771434541764,21
14.008,7,19.77031905674187,35.530921534824756,-9.1748063447403,16
14.008,7,25.95118383118138,39.7509651144706,-12.79243507623947,19
14.008,7,11.720905125075703,55.53546278818613,12.63336208612141,22
14.008,7,7.396171017436495,16.341141965563036,-6.352980936418872,16
14.008,7,24.4190891728591,48.38381898888023,-11.173728600715277,24
14.008,7,14.824942727491985,9.094282051879206,-17.227586046263543,19
14.008,7,37.35428886481489,25.534104900993736,-2.268635039650905,23
14.008,7,14.086339560714759,50.29388360405261,-4.933588237692718,19
14.008,7,7.540097893979126,49.394661477568235,3.63611917376639,14
14.008,7,37.351174153670655,48.757065203900254,31.6638119843991,24
14.008,7,4.863147585348153,43.10440265794779,-17.21785529589669,14
14.008,7,17.85276598036044,11.114809704447497,-3.8187183470870574,18
14.008,7,14.64711478097988,0.6486762323292931,19.026172241875603,20
14.008,7,23.16477139202219,-18.58199409616913,5.72067906975903,18
14.008,7,5.079695682310181,68.4383009366926,10.709731880981206,19
14.008,7,1.7810702130666762,24.39997939420067,7.012029200464244,7
14.008,7,11.947307185728832,-4.92324616529756,-5.839021384009719,14
14.008,7,36.92700141881303,65.09445187549905,15.84305806900597,25
14.008,7,9.71819435025887,53.92906862995863,0.04615244111503049,15
14.008,7,30.020725561466513,37.163880921041034,7.77960017028604,19
14.008,7,10.624191370959391,32.01663421813933,-12.672553095822341,15
14.008,7,25.450257296000395,21.34026197888134,-41.22278453297725,25
14.008,7,5.537410311999733,31.9596123204203,2.9861008633268527,9
14.008,7,39.63404860919575,-9.99832730911504,28.002942327180936,27
14.008,7,7.937907578481974,32.509441928259214,17.45833160259902,23
14.008,7,4.828461850076462,25.836386270409424,-8.879715572398156,24
14.008,7,56.81959732032215,54.46167495301424,-2.489038096951447,25
14.008,7,20.32957491041284,-2.1156928241045723,-15.893483756434403,24
14.008,7,11.826268154583515,5.075347967536934,11.692670672072577,17
14.008,7,3.580059771072275,30.35534484153933,-8.50474504864377,21
14.008,7,12.719079498535203,2.994597995939171,4.110754471102232,9
14.008,7,17.089329339845683,36.23686323955626,29.11262354275514,27
14.008,7,54.585382840276075,19.376488046121906,-1.0291248403911615,30
14.008,7,23.882806237772396,7.663545717817699,27.22666198477451,24
14.008,7,32.226468214249046,26.706327872080607,8.509243525820205,19
14.008,7,14.9072065310025,53.620491746221155,10.461711157853108,16
14.008,7,22.06413056546471,25.096032498195676,0.17797783747989535,18
14.008,7,35.03562890540731,14.898496049616998,19.45710861125882,23
14.008,7,55.9242963408208,56.77967460468998,10.108092501975515,29
14.008,7,17.256609004154406,-17.98968650820178,13.290523981229079,17
14.008,7,25.830298820636205,12.63617413449822,-1.880283908499902,17
14.008,7,5.716461656888533,43.271349661472186,-9.287075275730851,15
14.008,7,10.637390756806724,20.435570711997958,-8.666530093398318,11
14.008,7,8.748402612767148,32.326301975120586,-0.9521476527464511,9
14.008,7,5.9641197102490064,9.945608214307422,4.040488232699263,13
14.008,7,17.772112086631985,41.779078904296654,7.175407581849633,17
14.008,7,18.064268952547906,23.34880867843112,18.768687004737416,18
14.008,7,34.27305653516505,6.879439623876888,-10.381211237166694,20
14.008,7,12.199458636876916,42.95213678324113,1.4375348561230803,10
14.008,7,12.804751177215643,6.873262047922803,0.3531757170062022,17
14.008,7,7.025528100149503,12.455668614188312,0.8183200561719508,6
14.008,7,31.29940598388965,19.217564957952774,-4.4628693836922055,21
14.008,7,11.291656575843158,42.45398304239708,-20.92515814157576,17
14.008,7,9.556982925427496,43.67709426401246,-1.0073658462615287,7
14.008,7,11.78174957842284,34.56150352339022,-7.8227110863959535,22
14.008,7,16.239494159369254,43.11673795767665,13.824054958163165,18
14.008,7,7.47589026403343,27.767927925428964,-7.587076977642908,18
14.008,7,31.553733106903536,5.80243445634477,-2.806408102161538,26
14.008,7,6.595459624367352,-10.5204040627896,-6.7468313449427155,16
14.008,7,16.48506307430085,4.469009954811566,14.586738380092347,19
14.008,7,8.973324913232567,20.100401938794015,23.049672324769563,14
14.008,7,14.411102500304072,31.91087532197321,-2.193422602718398,12
14.008,7,24.170684784600752,58.48961672927072,-26.112584749109537,26
14.008,7,47.78178917073425,55.327825669619635,-12.791501236776169,30
14.008,7,17.582504924547678,28.14989174856335,-7.07558676678486,16
14.008,7,23.712958834559142,21.614079582791142,-20.46284154578015,20
14.008,7,24.546990421479276,8.584614184087567,-6.0743470797263175,15
14.008,7,3.92540772950982,39.737818123444384,12.644168812452595,20
14.008,7,27.20743745222898,16.92415896596078,-18.957277434993536,22
14.008,7,22.341718838044763,43.31645718158957,2.312595230590409,12
14.008,7,12.749218959791971,67.84341312769162,7.440783333895759,16
14.008,7,11.836159046171149,29.095947580669915,15.104656917714252,13
14.008,7,36.59057822593031,6.799199437812639,-23.36397313807357,25
14.008,7,20.740049144455988,45.7377022032096,-4.485242300666337,16
14.008,7,30.2967493983812,50.792675262270414,-17.8272834948291,19
14.008,7,21.028012740919547,38.073494713566284,7.836657515584989,14
14.008,7,33.16360102641872,-3.9791900761035737,-3.033989654692365,27
14.008,7,27.244516201597555,43.16609099269054,15.607891812450067,19
14.008,7,35.782264287877744,28.472934212427717,28.48495977222061,22
14.008,7,16.046094265630618,12.535965383768911,-4.189666412338393,14
14.008,7,18.02103194958854,-27.932211165002624,2.3789895078107195,23
14.008,7,4.736646905359245,22.27115512890589,-13.837073370916757,23
14.008,7,44.30899314916665,25.62573899460507,6.865533085861746,23
14.008,7,20.727440931787616,-9.564009279170511,18.042069233831814,16
14.008,7,14.68535525338748,-4.9967295905523645,18.18215397294116,16
14.008,7,24.90044132709779,47.02482096301943,4.9926146458980405,18
14.008,7,17.69558445435788,-6.901338453285204,-5.287091922391586,20
14.008,7,11.798669191092001,44.64307936942291,3.9888469136029823,14
14.008,7,4.020089822827834,3.279178741315183,24.421930371103343,27
14.008,7,27.783810270536073,32.774303531689895,-1.5542215621302913,15
14.008,7,35.06895481104314,21.858139527208444,-20.15959389886098,24
14.008,7,14.28481551086663,20.8767177672374,18.355634175677686,20
14.008,7,15.335322736884038,1.3768492401387782,-1.7152093267098996,15
14.008,7,5.4943126206285875,38.50081868998091,-1.3541367494219874,6
14.008,7,17.008316298621097,55.53033031131622,-9.857749557784263,18
14.008,7,29.527780991485955,-10.148227334817626,-10.349882948362,21
14.008,7,32.082700970534155,43.07797119820354,22.592714241156216,25
14.008,7,43.091866255715125,20.493182264514417,7.037049083764308,26
14.008,7,13.76027130544928,53.29058251326847,-10.983082444707467,14
14.008,7,16.419265970526094,32.095018582176216,-20.03240333712784,21
14.008,7,34.432141531758155,-0.141477785730655,8.135715702924394,24
14.008,7,3.9512917780548693,9.816629530838387,-7.6390922716895036,17
14.008,7,21.804528925835083,4.940430114158727,-3.4881617435067858,17
14.008,7,20.033798271731165,32.68014192067525,11.012791007621427,17
14.008,7,8.71921675012986,29.164264479765304,-9.878381730391606,9
14.008,7,26.67127510049322,16.247556636576345,-33.34249727453946,30
14.008,7,53.11246101388111,18.260044925179145,0.6142886665400539,26
14.008,7,14.768791614403261,35.95643496355292,3.1465454583304546,21
14.008,7,13.014525258555887,29.754332731451388,-4.24459111986528,17
14.008,7,38.23536359767247,67.00341743262868,9.787730103894628,28
14.008,7,15.165507256657467,37.56160194379352,6.094869306881517,12
14.008,7,34.90465271414102,-24.30523781580072,-14.643992691920872,23
14.008,7,26.803322135139002,-4.257487327256025,-24.21434360369998,26
14.008,7,2.1637421709602624,31.083640389953874,14.796036960252064,14
14.008,7,27.941385319602535,69.00053201193882,-3.116302646916423,20
14.008,7,34.10944226193304,16.7463683927711,6.606169587958548,20
14.008,7,-1.1925769001691264,9.660919255865227,3.2544716808321903,4
14.008,7,29.864851659407982,22.10050071841179,24.534429219967695,29
14.008,7,7.917586828556566,24.055800096686237,8.735154535147812,15
14.008,7,29.54798424350354,44.67401377867142,-4.923455990680221,19
14.008,7,17.148983605407867,42.11405829294197,21.055369522299916,18
14.008,7,35.619548693278546,38.56962144240799,13.00038229647062,21
14.008,7,20.829569663683177,29.163425697520715,9.117147460046324,19
14.008,7,21.500190548283456,29.2496236941401,-10.974710063127688,18
14.008,7,26.399455981403307,28.795569450370657,11.049841521438179,19
14.008,7,9.208335802417931,1.377931834554101,-5.414306621889358,10
14.008,7,20.391876469535585,52.570570790278936,4.734495744949059,19
14.008,7,11.939095896577422,48.498405810252784,-10.515236406547938,16
14.008,7,37.95958725577858,9.19025162678787,-7.473635957565756,20
14.008,7,12.981898995590205,35.80882197606689,-1.724692136166268,9
14.008,7,26.826844494873963,25.4796514658779,2.5245687407672888,18
14.008,7,37.353990995970356,-3.2529802699045764,-6.108787321576952,16
14.008,7,22.66810819241267,45.03112987802265,-18.76126968058614,22
14.008,7,15.806685111204105,5.618934086749708,-13.907226417182073,15
14.008,7,9.194457834152924,18.080072261663087,-23.954013051197293,16
14.008,7,11.483533928224219,48.06733194505488,4.887801910637154,11
14.008,7,5.654526933372483,43.07531506557611,-3.5763458461414483,12
14.008,7,14.171116395275575,5.267530901372284,-14.551661185558025,19
14.008,7,1.3050239572725226,48.107030216355206,-2.5818443375744957,5
14.008,7,28.0669929133424,45.031568092580585,-5.230472848894654,17
14.008,7,31.344773422210867,73.34483243780483,5.497218061486179,27
14.008,7,43.85643430799526,18.305356411367548,10.166649042502495,22
14.008,7,5.386735634963877,42.41645047468893,29.78333841399289,20
14.008,7,6.6715364128399335,32.173478172108396,3.7549064497605538,13
14.008,7,3.126370679648313,24.67754661811531,1.1482522609868493,10
14.008,7,1.9282995880728937,38.409008122889745,-7.854366912896289,13
14.008,7,53.041120861440945,54.43336421756921,4.901130142499807,25
14.008,7,4.288261715968688,86.3126721906029,20.427949185992475,24
14.008,7,17.436761034214406,29.04051466833541,2.464934599347993,15
14.008,7,13.789497770131455,21.79285350452114,7.520223483823008,14
14.008,7,7.165464143858303,21.551427098019257,2.024924612493873,10
14.008,7,24.746050174121187,51.969484654491644,-0.7206357184920438,20
14.008,7,31.874918878134036,17.680196635936916,-36.758384579179726,25
14.008,7,36.96940331220628,-13.226107465387342,3.3096441097408733,28
14.008,7,8.880548425133131,2.417815490540455,-2.0278774953650203,15
14.008,7,10.486170962284259,53.29775894575925,27.706904173634886,21
14.008,7,9.254155180516213,51.19674217646983,-2.177943959948628,15
14.008,7,15.916489231380206,-12.528034041779017,-26.56521704623256,23
14.008,7,24.032624523603115,-9.060469489823863,13.386832593424566,22
14.008,7,17.56672639951557,31.81245969951716,3.529483748772544,19
14.008,7,6.059730854784584,20.11927130666074,10.523162040314919,9
14.008,7,7.819805513303993,7.913100952157394,7.292661561101512,7
14.008,7,21.069147792574288,26.859129173880547,-4.177955784497262,15
14.008,7,10.056593278138667,62.99505958081105,-11.150584852261495,16
14.008,7,32.98943227568718,58.56452164659622,-3.6608287307668568,23
14.008,7,24.379614156129794,42.29139413958038,-5.894501438416759,18
14.008,7,5.922240841041263,28.67412354514867,5.476868150050947,18
14.008,7,5.03258543538244,22.095634275011466,-8.344457838131266,8
14.008,7,15.374014672069414,31.0338084990206,-14.644541173680613,17
14.008,7,5.834234386549887,43.761965908262695,-4.2774174460296335,23
14.008,7,26.56251470538282,29.467694244147587,-23.186525638746353,20
14.008,7,47.523441881431346,22.734365594143522,38.34076294422899,33
14.008,7,3.6655897105330313,43.15828282159806,2.518754668651454,6
14.008,7,1.218700002639095,30.61841146616264,1.627123235689289,4
14.008,7,3.295083914044905,18.83020934533162,9.90697293724186,16
14.008,7,18.338945830183214,45.26599528150377,-3.8593066234732802,14
14.008,7,13.588690590946552,44.4245081028806,6.4610016719607835,16
14.008,7,24.364419841466287,9.724249285411782,-11.328334998926902,18
14.008,7,37.65667279384389,-7.438136710297109,-6.864523482706514,22
14.008,7,30.29848872409568,24.227366647419917,-4.4646456952385805,21
14.008,7,26.056923623510993,26.423751827745697,2.6085285538589016,22
14.008,7,9.567482289505332,23.882119393466468,-4.713041241905684,14
14.008,7,4.396641097480249,66.65934518725912,-18.369614129185944,27
14.008,7,9.244959139022155,-9.719598831128529,-1.629719018636047,15
14.008,7,6.549917631458594,33.81376010108055,-0.9152863085731983,15
14.008,7,19.69154383253732,29.76506448336055,-9.170407809619574,16
14.008,7,23.47519651493896,7.2958006853636554,-8.582277280936175,17
14.008,7,34.95334618471114,35.81893934186064,9.945356794297984,21
14.008,7,11.365193805440551,12.942401910589595,-16.39135078081449,17
14.008,7,9.213868594362777,55.858710465041526,1.0981427061555165,15
14.008,7,4.259061189538292,39.48307199696612,1.8540167850891862,6
14.008,7,5.017792934101153,48.8026875107464,-7.110669110190591,6
14.008,7,6.739507414339749,51.31230333764856,-1.1316680132545764,10
14.008,7,20.694557826726317,-9.368010857440366,1.8727005685888054,21
14.008,7,2.7188328554569816,57.21954315779344,-4.825275802790436,28
14.008,7,28.191583673430287,40.96121326280092,-2.487711335730169,21
14.008,7,8.879497905849725,16.195615661314193,-9.661334185984822,12
14.008,7,13.775648262524506,4.567617339974062,20.40919001368786,17
14.008,7,3.273568577752068,21.678792341267272,-9.500151089446037,13
14.008,7,14.71621065160577,41.544051599865526,-8.417734577858578,11
14.008,7,26.80910585872814,35.91445598477551,24.529144819315064,27
14.008,7,40.012779430836595,21.06400882182099,-6.393877947668446,23
14.008,7,13.637846495209981,44.687072171428774,-4.377210183843891,16
14.008,7,22.539715299691693,9.060492389934383,-1.2822478252872518,21
14.008,7,12.08893025170253,9.572279956045884,-1.0436305247559912,21
14.008,7,22.754319744694723,-1.658330075900956,-5.026761579714953,18
14.008,7,25.866165756791677,1.5049034417649698,17.385138633517116,20
14.008,7,26.275650838750277,39.2420154184452,9.375286175196482,27
14.008,7,6.472620882290992,-2.628043193774662,-16.600639368016562,16
14.008,7,2.566392346939359,-8.14415838391153,8.098831278225148,15
14.008,7,45.718159443942405,-22.432533193344806,-13.656510823969503,24
14.008,7,31.155084015857547,41.66322891230456,44.17308649934968,32
14.008,7,18.96748234371261,-3.253583965288303,-2.2049009759976888,14
14.008,7,8.95559494521342,21.781510625222907,-3.8400115518447833,18
14.008,7,30.374618502874863,15.773854166089615,-6.038642650953487,25
14.008,7,22.06111332398776,10.055553202501232,-13.554985989327204,16
14.008,7,2.3597127871218313,15.496323559417906,-6.612200654674233,13
14.008,7,10.54672268067343,28.43769737468459,3.0244396277356547,12
14.008,7,16.1859619029769,16.93956367165531,3.3710444059294304,12
14.008,7,34.02499849343136,23.713083393167555,-8.856783297330784,25
14.008,7,7.748120260571907,17.453665440597643,30.880830568019014,35
14.008,7,3.608834758519277,43.82158463823726,-0.2147154298742685,6
14.008,7,34.153473832048,49.030790956535085,-13.913850716136496,29
14.008,7,39.69830648038552,-4.054017777754438,6.1547691479929485,27
14.008,7,23.50166964765321,19.40413089079049,4.164905350401601,22
14.008,7,23.025015188304145,32.11802991466671,8.387044358890702,17
14.008,7,29.166311199613247,24.32598463467484,-3.762606774750883,21
14.008,7,27.078141670348785,15.385819186537045,0.45951822822702953,16
14.008,7,17.97550212830009,1.8899542567657828,11.1957645166922,13
14.008,7,6.861411109264262,42.27634434666566,1.3176046272187663,9
14.008,7,40.178337083404394,30.963589396086018,27.996930286962098,28
14.008,7,19.643681814142106,35.950733303039115,-12.581831816645826,17
14.008,7,43.2255733143121,12.058414521846004,-23.261752928131802,24
14.008,7,12.167327510396712,32.00988800967564,-7.606862306651336,12
14.008,7,10.010523491202058,-6.091068674972276,11.041838624069163,22
14.008,7,11.732335343022436,50.4068532094112,3.6022117901190263,17
14.008,7,8.828890382879786,36.81996140483139,-15.925141098091062,22
14.008,7,14.371031418536784,43.87547027778603,8.320695856884715,20
14.008,7,34.35788176596691,-5.481548928394832,2.160052177800887,20
14.008,7,32.07233858980537,8.324726674714134,32.88356729505628,27
14.008,7,16.086185444605572,20.765522031100147,-4.61194978956337,18
14.008,7,21.129661189579995,39.4375458166992,-12.815764959857889,14
14.008,7,12.378209862362583,49.37562705931864,0.9773436476850301,20
14.008,7,37.4429155146667,30.400748183979054,8.894575746192615,22
14.008,7,23.351726846460476,25.2291516804077,-15.193419247174623,24
14.008,7,50.87041350425819,30.205358527879593,24.841450194301093,30
14.008,7,19.241651402493027,26.767015825501083,15.358480001357592,24
14.008,7,18.249934338218257,6.86654487639063,9.288825368308565,11
14.008,7,24.976372707457617,28.207688596565443,15.211981339675887,21
14.008,7,22.01809108309811,20.729787059371024,-5.435241871115651,20
14.008,7,24.64563074149629,3.9183293093343186,-2.831226593979342,21
14.008,7,26.34167545879571,35.08698931173713,11.207083562295741,17
14.008,7,4.7035456010682495,40.16415232957912,-5.348255482067633,7
14.008,7,4.96342975366019,-6.4433653140915315,-15.56181398920151,22
14.008,7,7.240761629152838,36.70811097311657,-0.4352673348777751,11
14.008,7,3.5154037248215095,-9.208982822196292,12.645594299601218,13
14.008,7,4.373730553509034,2.608939787538303,-1.3168310254986917,7
14.008,7,8.982439187249122,38.12352024511245,-3.311574559982512,26
14.008,7,12.394109168035241,38.107764744311325,10.916236190110276,12
14.008,7,7.034291855165233,9.365820783350554,4.9993063732714935,9
14.008,7,5.169851886340418,46.75779754653945,-6.779323444191822,17
14.008,7,21.17321290807228,56.907271701283534,7.845495523590067,18
14.008,7,20.186103992724274,1.1011212732396773,6.209809762166073,15
14.008,7,33.02380502693855,-3.0659806290617397,36.65229091297406,27
14.008,7,22.248582781341803,18.64988842166018,-19.06906701935016,20
14.008,7,5.134528777234227,23.584753810112982,-1.891254315775409,5
14.008,7,9.786187294332175,10.938071163230127,-2.151726522811789,17
14.008,7,13.750208310756001,28.533192097384003,-9.299532615168308,17
14.008,7,2.298056662634566,-2.9613309066932074,-1.5329350443842102,5
14.008,7,13.40465893908847,30.0151248268689,13.342673100478404,17
14.008,7,9.379834480486942,9.550670426004979,3.5973362589553908,10
14.008,7,6.5884144599423315,21.760920102023444,2.826927108501192,9
14.008,7,10.075165260906855,36.299865164833,-11.14808569431261,13
14.008,7,26.11603509220426,-4.530339190626554,-0.23721218034970598,14
14.008,7,16.959583107472117,7.912893935034627,-22.22858610901725,18
14.008,7,8.890919610916466,37.72763762236061,1.9948665539974806,22
14.008,7,18.36590063780968,45.30877143697536,5.4753782329670075,17
14.008,7,21.1301651714227,21.67623612532346,-24.35399873352861,22
