55.85,26,9.785143383439959,-37.1237720600491,-23.254512999793736,120.6115989564486,-0.28149785509214365,-0.3982304030711759,0.8730243431017785,2,5.507173148845557,24.01782150254745,11.386787672640024
55.85,26,9.933392724311176,-37.297163393333925,63.31616393369411,-88.33749212919777,-0.38422253401736683,0.2503078355424749,-0.8886613707252696,0,0.5481827685829869,41.30840415374996,-10.114663608667996
55.85,26,9.146434322853512,-38.025958376817464,33.618124131749546,-21.698560907052556,-0.7822302038672531,-0.3809627861470165,-0.49293332584528965,1,3.41863602823804,51.82625890432318,1.594999891580104
55.85,26,6.9090932799933995,-37.75574124850215,89.94506837051033,36.70141980834385,-0.5735807795924635,0.5984412597574683,0.5593506484326235,0,0.4688620455953814,52.62710820513692,1.2612085945313367
55.85,26,12.983661279281407,-36.89987639393639,25.79545315399149,1.105398487545058,-0.9253528980174268,0.3739638085986155,0.062234106317740595,0,1.8747935216740508,10.334109893718152,-1.4797635779957368
55.85,26,2.6064049298402177,-37.266339055313864,0.15604243345548474,4.27777361653292,-0.8038793737744686,-0.4420394271890224,0.39796871388385474,1,2.416922526410621,20.72939087934994,-11.523815069560202
55.85,26,19.701411780644335,-36.592071741995326,45.84134233832164,-80.42972908123228,-0.4377691550628859,0.31565038782585975,-0.8418568759242342,0,0.0034752368905810434,20.73137588022173,-13.460072992482555
55.85,26,10.333269412962874,-36.508385551946276,-14.008525410378967,-8.250866466259865,-0.5746405453046429,-0.798098672560154,-0.1811815458309794,0,0.09059106960643949,33.56297025294554,2.5486466993546704
55.85,26,9.203080585006553,-36.588480288254864,256.629670355093,-222.28296998779635,-0.10324198563620024,0.7458140460972923,-0.6581052355405487,0,2.416735995290181,30.767926361925714,-22.768792493540197
55.85,26,2.5939586215995867,-36.99729084011002,-29.075184274569082,-73.17079843622577,-0.3313608767761631,-0.6315027683356154,-0.7010022988026406,0,2.0695879487448456,30.491798815903255,-6.223760230786766
55.85,26,3.9801305063871917,-37.140414329623034,44.19860706671271,12.392223521210243,-0.8998075176147471,0.42373531292769445,0.10389810307246057,0,1.0206776498346979,27.72511115900952,8.35299213415244
55.85,26,26.78836488727619,-38.07329501178805,-3.204501811196804,-9.725005330364844,-0.7544325278998453,-0.5494320275983587,-0.3591044526259811,0,1.1463409588330071,24.70676524018718,8.51757932637053
55.85,26,3.7047934175010577,-36.59584642503353,2.7499120043345333,18.454618245169822,-0.7747344175931918,-0.5371811957769954,0.33350104212750936,1,0.9951681068868184,27.053856936219265,2.2122505699677455
55.85,26,3.43063976914413,-36.426654491420955,495.43776036154696,-440.7377473918544,-0.049844885175388765,0.7205531212468131,-0.6916058753967668,0,1.0997326319906162,52.52093670071069,-15.614507309483592
55.85,26,8.984250287295934,-38.2607997825638,14.66809167485949,25.944240131726524,-0.9161969175709741,0.19136176532763305,0.35208505081036495,1,2.981364413439525,5.486697781712734,11.072077348277395
55.85,26,1.618345886108993,-37.846146521775125,1.4938667895824407,-9.070451424234374,-0.903236362192058,-0.42858180216803393,-0.02194795809313386,2,5.062079688417337,18.814434568326053,-4.959974268486894
55.85,26,3.746510677603116,-36.98482576239586,62.51080897046337,-39.60891599055935,-0.6190352578039712,0.35730555282116205,-0.6993769309311929,1,3.048223095982103,41.011543012087586,0.30389583247993773
55.85,26,5.833539603204947,-37.07853188669835,30.1082022089763,17.710217514118256,-0.9082551035022343,-0.10166477364025048,0.4058779875317487,0,1.3072723739027807,34.1248154954476,1.6746246629007349
55.85,26,6.538148558680106,-38.849504937421955,20.58297015480112,-20.68194517895794,-0.7907149248622104,-0.6111524382470752,0.03553315106776462,0,0.1812363015593128,48.76838654746064,-22.320679798852115
55.85,26,5.903326569023414,-37.65835232417342,95.61707379624333,-14.064175899331032,-0.46689180560835974,0.8587597009572316,-0.21105406385002762,0,1.0404931579081789,31.271817438680948,1.7497099043435336
55.85,26,13.279014055877001,-37.43631837111541,-0.2746021999867801,-29.890214076838415,-0.8077054101744635,-0.3835538417596922,-0.4477705001965657,0,2.1942242644945735,17.600264625022245,-8.994334456627731
55.85,26,4.943852319654641,-36.53266439193913,45.70280289865087,34.31178178179157,-0.7157852846986434,0.2982488041028166,0.6314262245584368,0,1.5687274561857234,30.971632185183527,3.424923754870246
55.85,26,3.272858416580104,-37.00378474076353,74.48386111317816,12.671698508402656,-0.5860260276740522,0.8057029119440976,0.08611801538222826,0,2.181019187384942,28.770386187346705,7.7855876622363205
55.85,26,6.44455333525268,-36.79679585777135,-56.10265780261852,-23.490959124867572,-0.49458882727312115,-0.7900573007574222,-0.36220346969140865,0,1.3747003740855142,-2.4583916319993557,1.102370140516341
55.85,26,5.825519349571524,-38.56485818491717,3.9368785432050015,21.404591490735857,-0.879434762869951,-0.14619241697683352,0.4530146521629785,0,1.5718431784563278,10.182886176285884,2.0497368832234333
55.85,26,5.564149578767563,-39.12150453869802,21.24586352479951,9.10137213721592,-0.9201032257422258,0.38247961341182835,0.08437653289326785,3,5.856461966608701,9.87659905854723,2.0376185712611616
55.85,26,2.290024167769387,-36.324678594020725,-20.06487090231725,2.109826817533339,-0.8006539688284643,-0.5781425116206043,0.15717652005388144,0,1.0521845746748224,3.692590137415426,-4.348987361471883
55.85,26,0.66541008926643,-37.423596640796475,73.73948156774263,30.207689248218642,-0.4932965095456754,0.7243012643032848,0.4817117729500873,1,2.6253809095592255,27.689922184674796,-0.06809580707027527
55.85,26,7.782309329175254,-38.285184647850784,70.46435464014623,23.457331415583194,-0.6198796677432965,0.7363173734097098,0.2712672540751772,0,1.6388482715943973,27.311724016076177,7.559437330448844
55.85,26,16.096246608252113,-36.89868034559356,13.048713260634393,23.020874594001324,-0.8649765986171525,0.21978291338529596,0.45112188467039893,0,2.242572443299022,3.1687059384640297,3.0841801088451604
55.85,26,9.474980053881024,-36.51238154078198,-101.4085772167891,-297.00871248063584,-0.09744168159180533,-0.39209222937004795,-0.9147506777019557,0,0.729574693331008,24.084183980551707,-4.608459921124173
55.85,26,5.769575624885873,-37.054918837641765,61.84065570175425,21.768443243035946,-0.9137795182232836,0.4061417545212352,0.007474443794433992,4,5.521182033339128,40.4068526729952,14.16136338319493
55.85,26,6.549042268215052,-38.36535633572807,-8.422134417718134,-20.248547258360908,-0.9852296051118137,-0.1590698999881677,-0.06339867608218282,0,2.8517979444100443,-1.820978118692952,-17.82276873683885
55.85,26,18.691736050230105,-36.932114997093876,-22.298394648224992,124.70810331407158,-0.2843367006448397,-0.21454660479774695,0.934410185644488,5,4.087536548221686,10.576575390122192,1.462003940029238
55.85,26,16.750203390321243,-38.1821604243576,54.631135487000066,-31.69816719774472,-0.6635461614602143,0.44197084395129516,-0.603629244411166,0,0.9167393553356141,29.429282554470994,2.7581041226020555
55.85,26,13.816827785964858,-37.15934495504909,31.31663535196335,60.690997281321785,-0.5349102347963752,0.07081814008423126,0.8419357646193069,0,0.7949970417324762,26.645951400367,5.162627581056361
55.85,26,4.982854489614097,-37.083021972577505,-29.62535814612931,46.803489537056166,-0.5419737833465545,-0.583621005331327,0.6046907807310057,1,1.8376301235810975,8.621657813217695,8.005112933371159
55.85,26,1.3221284205319352,-37.52689142376964,53.53850003676654,5.517808448809611,-0.743290240833562,0.6583218231600619,0.11887806792170481,2,5.591552295887196,22.151793391256344,1.0662741109120464
55.85,26,24.219019530654176,-37.499376987636055,88.17987658734417,2.3214176601978695,-0.738285158223251,0.6318618476421091,0.23597802999764497,0,0.8625412848424843,56.03266944857698,-9.718712867731718
55.85,26,19.918168524353913,-36.773330931848975,48.632987784374684,-38.2119647175568,-0.8098434904820843,0.2975212786116946,-0.5056032136933633,0,2.761567398409973,34.941907160433395,-14.21294412741732
55.85,26,2.673198667905783,-37.08035503691989,23.217819008517502,17.140706393143034,-0.8131972042658179,0.4662692097134819,0.34828627743197477,1,3.631411092382232,3.1264104734035754,2.212456609276053
55.85,26,1.8273882131732657,-36.32584475036477,33.87988317180216,-15.273995440464718,-0.8786839570376002,0.43857689269609595,0.18858635379523764,0,1.273813830676264,17.45272943451252,-22.337607496049973
55.85,26,1.1216708648906024,-36.823674003055125,-76.47618822524258,75.6551324616226,-0.24295908426576296,-0.6484865987610291,0.7214125134762316,0,1.1029887316612437,6.161847027845752,-16.152661751910816
55.85,26,0.6433073153788402,-37.07829852453254,11.517010022994626,-8.154290480565841,-0.84914774380933,-0.11429069232334318,-0.5156411027369476,0,2.8798989755092634,15.680522289916734,10.880145057122242
55.85,26,5.803593088241059,-37.73203509269943,68.14156727655345,-68.65990296009488,-0.4648601491032469,0.3239978426412304,-0.8239723537470998,0,1.6495721998613004,43.974706763644974,-7.552986583996666
55.85,26,1.7563188313874987,-38.83176726338833,12.208898281760494,13.292236907291619,-0.9799840521559972,0.0999885390398995,0.17214397921675745,0,2.306291166245054,8.471098841741435,6.857102687935852
55.85,26,2.1100656004001075,-36.32269881584903,-152.24796977313628,-0.8540722215565573,-0.18474563596817806,-0.9824766852101905,0.02467008328137914,0,2.694485882747807,6.926599594914538,-5.253343603641976
55.85,26,1.5264720600959818,-36.83513541994654,-111.93316004123248,38.7251457395793,-0.22884726953714862,-0.9525600756041553,0.2006445354112553,0,1.3391220822742114,18.868409041279683,10.85043502787525
55.85,26,24.54649113407895,-36.32863896774765,-1183.8266019003545,-417.36601858146304,-0.024958209383705965,-0.9423783553728842,-0.3336167308590166,1,0.23646566291951102,4.16708242020965,2.6583649454838287
55.85,26,2.638398077282739,-37.34544461472489,71.00721748408135,-27.88231723661284,-0.41649979854049457,0.8216769337680236,-0.3890693181546275,0,0.13875784742370162,7.938360827730164,1.9811924320255405
55.85,26,17.294980476475377,-36.991670540890574,61.26730324840624,60.30099589528744,-0.4329143057973973,0.5565904791724129,0.7090784458228733,1,0.1979152716454119,15.477673306970605,1.4200243569973503
55.85,26,1.0787543710934144,-38.56873158016251,37.67952763304181,4.494750544595807,-0.9071826249050208,0.13776996342875222,0.39754134658834844,0,0.10906546092262695,32.649986756599105,-10.018212970678576
55.85,26,3.7470291955495716,-36.961593716534075,48.741485590795854,55.906930162784775,-0.5072954778359503,0.4106777230981116,0.7576246471163316,0,2.6380386720820668,20.796842602791987,5.467347301703931
55.85,26,7.669045661016579,-39.16610141895918,14.005604924415268,-12.764221438946864,-0.97797631067685,-0.14544286201832754,-0.14969538951756597,0,1.8272860469230983,19.810427107205676,-6.789675107319246
55.85,26,10.180950862238873,-37.13148542262714,65.91536178736666,-59.72786133008819,-0.47767755112148413,0.4556957756315751,-0.7511095241215617,0,0.7664417641687985,33.12425415138114,-5.678403137424751
55.85,26,4.3935192315605684,-38.745368981663106,9.496370672894884,4.283197311131981,-0.7865738660911277,-0.6104430405403275,0.09306367410723101,0,0.30668077415418854,37.261297078661066,0.050360025690314905
55.85,26,8.258715653030203,-36.45050113944761,77.56986056219063,6.569484586052653,-0.6803487770667034,0.7274840172324963,0.08884000346189838,1,1.4380144007072098,39.13562336533953,1.0229224528025598
55.85,26,14.529625819282774,-36.317286598479704,30.790837206820484,88.37628551936295,-0.3773294464400176,0.23809023481140004,0.8949500147699437,0,1.188133787816926,9.652289547137261,5.982885835105337
55.85,26,26.54776877124967,-36.4553323600489,-169.71630801424467,24.492800308997126,-0.179577184672653,-0.9749471810680955,0.1312632045640278,0,0.5696232205996764,11.178250267325442,-0.04781970727655555
55.85,26,7.856467817809363,-37.19855845714072,42.01145665526716,-96.14183018533639,-0.3435016838078858,0.19619352830775952,-0.9184305595260318,1,1.6790316583897698,23.552121095900613,-3.716102544920382
55.85,26,3.5948946733254865,-37.48376469344458,86.0838954592843,28.01433076939778,-0.5961193046666383,0.7456316434864767,0.2977838592593958,1,1.2779672249361194,39.30773798399264,9.137217494953271
55.85,26,10.204121721331042,-37.0285756020706,24.312079162676834,-27.792498862638425,-0.7880445592996252,-0.4288296939139288,-0.44169091701771024,0,1.6735411051250033,44.34605729490082,-7.157672733944927
55.85,26,8.14917457528349,-38.12348646716242,33.63120403435315,-15.951210028477876,-0.9040934264420023,0.29923899380104696,-0.30507556580836986,0,2.9215553385659945,20.873338018538693,-2.5814364426515737
55.85,26,6.397729883535222,-37.700563767438986,-24.213399788921194,-43.80704837217004,-0.6877765998639573,-0.3109513933401139,-0.6559516595446765,0,1.277999203651986,-7.88141496381274,-9.35474238757957
55.85,26,2.9602671929272075,-36.57793627660353,64.82675722877227,13.390794569938192,-0.9282455934008199,0.3680960694388208,0.053529449797760205,2,3.942635958756466,49.23992267639011,8.421330942840124
55.85,26,5.500617790196074,-38.01238951834886,43.48500669993159,16.123528495496664,-0.8818772358940306,0.12191187330983741,0.4554448769697501,0,2.412452193254656,38.38577949283247,-2.926436408870327
55.85,26,9.311371396651163,-37.11249059678927,-22.53425195066777,-54.31463143133815,-0.6607868166424247,-0.2476654461852995,-0.708535538782218,2,4.844468099467966,-6.421841156371683,-13.842115003756282
55.85,26,2.1542909412678495,-36.79573746001759,12.175482885179402,-3.043279863864153,-0.9634597159907593,-0.0708023672626223,0.25832615131460196,0,0.6491572374844737,14.621183692183406,-11.966547561918782
55.85,26,1.1223778486484233,-39.28169995653536,14.513946220957756,-22.160557562288467,-0.9389215959700603,-0.29569786013216737,-0.17603696240929553,1,3.0575327394395937,26.53748984880649,-15.05003752068404
55.85,26,22.752831351410254,-38.93641024330087,42.504736705741735,3.6438850014459065,-0.9031170797477615,0.29115834185981954,0.3156047531855568,0,1.9098592484792372,29.619328666266355,-10.323415396053122
55.85,26,2.8504239610246103,-38.9083760402605,48.525948204619944,23.736954716368096,-0.8070255405980584,0.5798525342600868,0.1117175694981198,0,1.2173469886132695,22.597578667678583,18.741452835165788
55.85,26,8.889652987355953,-37.98509672589258,4.823253363282882,30.25097809220029,-0.8042277257450897,-0.14977140282212748,0.575140236846261,0,1.127139421857966,11.580589065077591,2.930969553482462
55.85,26,20.798606025935257,-36.695952336213224,80.30295607341745,-28.410646451151496,-0.5060806645499503,0.8487523024444178,-0.15330326175258127,0,0.22920807364366905,20.944047954285672,-17.689127107372613
55.85,26,19.484086675166047,-38.69417224048567,31.122760586815872,-22.451226182740797,-0.9802233824704939,0.10897365769626251,-0.16518735540712956,1,4.7169118322757955,25.89605131721389,-13.369380093259828
55.85,26,9.389799402403444,-36.591492821547085,-37.005795162478385,116.38612854497441,-0.28624264014904577,-0.2473618961460494,0.9256766407852877,0,1.3782218763099467,-7.659902848010985,8.180570691519648
55.85,26,3.851368535667337,-36.893679358917474,-5.460627597334341,63.12355880791204,-0.3827016239700528,-0.6843154262055641,0.6206866072888811,2,4.115163896469175,55.00977319687966,7.228575719401986
55.85,26,1.837502203217709,-37.3920835702964,66.4149500713746,-1.972020644521206,-0.8951438241493296,0.32493276310571423,-0.3051822956001888,0,0.7795982728497395,54.2410851382419,9.461877282882751
55.85,26,2.1433271379843,-36.41906169762234,-37.67173278133136,-15.120507204437876,-0.3774676843222924,-0.9118538134505991,-0.16137152843040986,1,1.635224819887049,37.2709485229429,-1.6705644055564493
55.85,26,2.086003819147315,-37.56449204987247,-2.181663117936853,17.436616521696074,-0.5084340306672726,-0.8081304256670221,0.29735509339957256,0,1.8982016622535574,51.77400407365582,-2.3162697885188237
55.85,26,1.0790029630838627,-38.104992021276104,43.55027984530262,-3.73788346667637,-0.6144952101408445,0.7693784190908229,0.17450640375432125,1,3.58167574972586,2.211316866161716,-12.744333697897016
55.85,26,7.168422950515901,-38.18903773160853,16.087862749192038,33.82865566393057,-0.7157343602612543,0.11661482233443755,0.6885675774775635,0,2.4764362142016028,10.046876337873965,-2.0103337314773237
55.85,26,3.1684640076351034,-38.6280461456844,18.285287698093402,43.80373813102354,-0.7756221282147308,-0.1956996123866165,0.6000933060244716,1,2.453374367739794,28.597171387662044,15.574363273768528
55.85,26,12.649486656302598,-37.31015790262487,57.08106297537917,16.344021158749047,-0.5362772342803543,0.8089155021458437,0.24096148733926728,0,0.3633135180908675,3.4741322471245715,0.37547348509550166
55.85,26,0.4629863603608251,-37.696568399482594,37.553727922671335,-34.248742028306474,-0.7395340990839374,-0.12829688150123728,-0.6607792570058234,0,0.30381112866459137,42.89469524191591,-6.740665638555796
55.85,26,2.3303807425203433,-37.75533937973494,21.223689833805242,2.3969354380269037,-0.8756385113980716,-0.40685201774632757,-0.26024725361146733,1,2.1356439111387404,38.45745275767789,12.405582245168826
55.85,26,11.109845495305322,-36.48438937613319,44.256992312396314,-18.716401749023227,-0.9553757733824002,0.051990974935815296,-0.2907818257030592,1,2.8697531674392573,42.72619717196314,-6.052897912647859
55.85,26,0.500741826370824,-37.0167656770425,-35.47559926603649,50.30607236798946,-0.5681823596969005,-0.6054011931839951,0.5573672051894139,1,0.6988420638279762,-1.9459185485796957,18.876043750200786
55.85,26,0.9769626143134958,-36.332431533653846,-110.4570333638857,-36.80828034186033,-0.25450430714516026,-0.9244423372422764,-0.28396112895711495,0,0.2953155610093959,-5.462202689248553,-4.556998188371803
55.85,26,13.9234300290843,-36.887831974748025,43.35061523127838,-14.540706291443367,-0.8170960468680802,0.49484947905997356,-0.29576687317316164,0,0.37784956384494184,21.65613665089028,-1.5741207611676724
55.85,26,4.0020514684587605,-37.32102994830398,102.26286022480923,-16.249689401048833,-0.5628090189880325,0.8252385614072003,-0.04719454324711224,1,1.9967026157993768,49.69684619647397,-9.861100639641844
55.85,26,8.652863555749894,-38.1814796925511,-27.110749132450223,9.072107321982333,-0.716801517074303,-0.6953094252397957,0.052348718157011906,0,2.072339573048983,9.538227082449396,5.793901462581023
55.85,26,12.599014810136032,-37.83596483213788,62.59692288614405,35.02379543232012,-0.6757361082489755,0.502844774351049,0.5390063496067293,0,0.056813256849552386,35.74868412656198,6.244792635983305
55.85,26,1.9707907687460555,-37.198739660778195,38.50514216158598,-25.451546212676025,-0.8859804727652794,-0.00209591871591858,-0.4637178118245503,0,0.6376875981457196,38.58393945788583,-8.017802460908115
55.85,26,1.094680312850094,-37.96339381224365,71.04623690278518,-19.416151244035827,-0.6822554506035188,0.6598910288548546,-0.3147559851038121,0,2.4589290266378527,39.67238429445926,-3.621649471641996
55.85,26,26.998883509966223,-37.29309189808727,60.42370265610152,21.329459256454854,-0.758963509342833,0.43787499211006314,0.4819127335634783,1,2.0099415561231786,37.673312254900914,-2.7377810813681767
55.85,26,2.9989168388589635,-37.846725791829016,32.76172496458982,-25.356610668379,-0.8006766496289944,0.34370127237568143,-0.4906998452274327,1,1.778945140359419,17.45274704738733,-3.1496884620106047
55.85,26,10.40296556503549,-37.949598184140854,-17.40065657442334,-17.841051920946317,-0.7613818613712812,-0.3777192701003473,0.5269020916353093,0,2.2452818401888326,1.2767783249880806,-43.89526809124584
55.85,26,4.978146034471174,-38.023217265740016,-19.25713682209424,2.0310467463741317,-0.5843780825383482,-0.8068809268604249,-0.08628688496907128,2,1.1656148970434879,31.499753668434252,2.9996700187561336
55.85,26,21.17555935587144,-37.110075290048165,137.2465011005725,-75.32471631672281,-0.3166923164049421,0.8152770829180677,-0.48479815882352356,2,3.5343858261631764,45.66330489791929,-14.839136351994096
55.85,26,3.3801065631508536,-36.487570075358555,132.42008052263014,5.668753531142171,-0.3468291629045729,0.9071522335082449,0.23829468521122296,0,0.9447625932250414,47.669081264113565,-17.052483573321368
55.85,26,4.358421878175601,-37.42781399588469,73.30156921082477,15.66970980294961,-0.8802131479386692,0.4228782466699121,0.21540381307971362,0,2.749173911593999,55.465637087717354,6.33602137496024
55.85,26,9.514593681674361,-37.23502816993295,-80.74184892257857,51.61035305082147,-0.30600741047056046,-0.7017099472194934,0.6433992653946051,0,0.19767612100925241,-2.8533525510600115,-19.80576631117187
55.85,26,8.895550106287411,-38.338388129202606,57.72877310616842,-13.507151128631413,-0.9780376684268258,-0.16209006118435668,-0.1310310314523624,2,5.03126535481601,61.5766671983879,-9.376078491586375
55.85,26,5.458067564175902,-37.7518612151626,-1.4633818020143878,-28.619556835510938,-0.6887599969533953,-0.6999655054752496,-0.18883314788865055,0,1.7647204037217166,34.75115037343441,-18.983092436268674
55.85,26,9.651083732950706,-37.85463851194998,25.115875266181853,-62.15238213033029,-0.5634683513523855,-0.173443220836691,-0.8077257369738936,2,2.5846037281791756,35.459767686998994,-6.025288351788013
55.85,26,2.7568543315664367,-37.09943247055693,13.614031549112136,7.734934145189179,-0.8387041686816569,-0.18633297445129265,0.5117180278905024,0,1.6701338184126018,21.33490274150383,-13.46855381394303
55.85,26,0.27335274629190526,-36.725549712642724,24.504049810723863,-2.520588597174497,-0.9226811125724628,-0.00424626371297043,0.3855405734115744,0,2.8154867191062083,24.640405520926148,-14.901039330547468
55.85,26,3.1168004487918513,-37.69391168495347,62.429515798614055,-42.540031041802806,-0.856552236255687,0.20264979587062534,-0.4746064967938976,0,1.7277291353489002,53.98710192671759,-22.76786963887198
55.85,26,6.994410190925449,-38.52325651721187,43.37760399468748,1.0629881392440146,-0.9743229349924516,-0.025168599241154846,0.22374396072281572,0,2.3354894012433176,44.3788319955452,-7.8377343980751295
55.85,26,1.5923293361312099,-37.22159747539733,115.43614812611085,23.70452705722557,-0.39825395994158663,0.9105742034694253,0.11067250501758343,3,6.999789261270364,42.50584241499093,10.719135973508848
55.85,26,4.43949973137878,-38.31482595712677,32.43792075771456,19.16305861772615,-0.8893751323373467,0.34087377314389544,0.3046587349192082,1,1.6546238849116919,17.16724919904966,5.8642761097486185
55.85,26,2.4795512245425058,-36.37825616098007,5.654927067985273,26.795790806648657,-0.7649030326286705,0.5126024724165619,0.39007955079431006,0,2.556533218781272,-16.482591333519366,9.949611362663791
55.85,26,6.34725406567755,-37.13180278793116,-85.07559989275241,-64.78125223271205,-0.28218678397925556,-0.798023062125859,-0.5324751743158666,0,1.3546361122070403,7.953705002932725,-3.3961295643807428
55.85,26,3.9267465955662986,-36.615040132605465,-5.526274893047527,-156.22139003546323,-0.19591825339392432,-0.19596538200243427,-0.960840052789076,1,1.9847842198345602,26.207952376577374,-2.1835696752886067
55.85,26,3.659120316409406,-37.45381558962155,6.147503904424393,-33.40348016667538,-0.8045070361571309,-0.27110650190222235,-0.5284597367822917,1,1.8991263260144664,18.762626537729773,-9.56875098163761
55.85,26,14.007573084228202,-38.46877012212288,-4.5600707449310995,-19.582501256078363,-0.8545488800216627,-0.23561872709099127,-0.46284989694040424,0,0.3843969020275572,5.770997062115309,0.7118689275325015
55.85,26,11.11929608994451,-39.07281333391889,21.61490258367649,8.386838583738303,-0.9636563345972736,0.26684857223612574,0.012582062076166077,0,1.3436894047178547,10.839064327344069,7.878751676142162
55.85,26,0.8228830790941138,-36.68469308008295,66.78061169129346,-26.50258611170171,-0.580769186883179,0.6775338646127711,-0.451281523962521,0,0.4781877685293192,31.451279560074585,-2.970958133421023
55.85,26,4.411106825802988,-36.55907992194917,-25.154915820971873,-43.753162199786914,-0.48175286433933984,-0.6961747632840469,-0.5322169451147183,1,0.24477017577815235,21.809196301387075,-7.316640079787666
55.85,26,0.9801970503886795,-36.56149658273358,39.19311122302524,-41.518294452126845,-0.7111237532536185,-0.3523947318083609,-0.6083756738662389,0,2.2932566850339224,55.049877212734735,-13.164298092875358
55.85,26,6.773487277525867,-38.37311040710956,8.525101487483719,-9.82453344375391,-0.9657035854056588,-0.19362893978178694,-0.17298675907027208,0,2.1598334397275054,16.218773331654166,-2.951060092233578
55.85,26,26.844222021304592,-36.50706706634541,57.13122858410414,21.641055223178036,-0.6914568925847637,0.6649364428195146,0.28239492330343546,3,2.983669564421794,16.28995621742295,2.037951430338802
55.85,26,1.1429553939778947,-38.36705183286324,25.846830737384167,-9.064923398694754,-0.9087975887963178,0.20649719945029613,-0.36255461549563106,0,0.3575402300731319,18.2875296469553,4.2072154368531205
55.85,26,18.64740615492975,-36.40322070787757,-132.77511582102895,16.552922094414306,-0.2140780578766297,-0.9696065733580685,0.11846382585664944,0,0.2481383185979375,19.081553046169617,-2.0776678249269342
55.85,26,2.6312906033737633,-38.728598686902764,34.42009289328467,8.917225282767992,-0.9080140062747127,-0.2216373029453024,0.3555101550618188,0,2.9309386607094132,43.310991389984366,-5.343933200922146
55.85,26,11.474158007182373,-36.346258795869154,4.434423922815358,9.89536736136702,-0.832346250814962,-0.5541445828506836,0.011113057703373903,0,1.6279119471355632,28.614928274428017,9.410440956828715
55.85,26,7.121634070520342,-36.80986291705375,-2.5779942709706845,22.664285878756353,-0.7520119999041854,-0.5007111503634653,0.42867971249150894,0,0.4765436678103721,20.57659448707396,2.8406761100253917
55.85,26,34.55797384402481,-36.67662310835168,43.246310254337814,-56.61243374080057,-0.5303977192261347,0.5010686020928327,-0.6838190663007641,0,1.6910052984102966,8.27487946855406,-8.52626076235228
55.85,26,17.869226209825253,-37.66810629929294,35.26262089936341,39.375009135125445,-0.750432654265682,0.05434151971059613,0.6587092155475788,2,1.6718787460332787,31.383901541237584,2.9841051637575395
55.85,26,7.0534370109938616,-36.43516280723579,4.0301850170777715,57.28010029058629,-0.40966236352514657,-0.5529798928630858,0.7255273847348014,2,3.7200882882189195,50.77209152899674,-0.8876654474748092
55.85,26,5.146196576577534,-37.16597397879173,40.40725126751684,-33.61647152296683,-0.8456631286807066,-0.023197437979295656,-0.533212670199383,1,0.3137207053352351,40.86662395063516,-6.620544747828727
55.85,26,6.118588502335966,-36.38758268111896,1132.6023980277764,377.5620005933641,-0.02593598728334834,0.9436544226699799,0.3299146179529263,1,2.5577883392641607,49.2313056248683,-2.6911958118301404
55.85,26,8.348803421606396,-36.5436698673093,4.226411268722493,-23.32082034187725,-0.7153264630986804,-0.6058118746435532,-0.3482815294149202,0,1.3321851557339335,34.324250701699576,-6.01755840768415
55.85,26,8.540226958437925,-36.86542060068234,106.13818766671409,-38.72807275406895,-0.5039911817566508,0.4035622177422465,-0.7636297696675363,0,0.7625473138452922,78.21925094075104,13.992375563706537
55.85,26,6.0540528190782075,-37.330867275043424,85.47178150994021,-4.265189431312092,-0.7699310142334632,0.5912492646309256,-0.24006361739093404,0,0.8310252348373374,58.27296803830245,6.778284009316176
55.85,26,4.262876609665988,-36.861105855294625,29.73366841654455,-1.7632206745376016,-0.9725105842785182,0.22392078653105546,0.06389557751181885,0,0.831043561837189,21.72247516316565,-4.049206836936326
55.85,26,0.6389339163000263,-37.67432877479147,6.902954489828867,38.745488043268104,-0.598547482382839,-0.20814565640759897,0.7735737179169264,1,2.6748460090190087,18.976667646589153,-2.3906451839029472
55.85,26,11.569249720963404,-36.601453994174605,-10.85501200550198,-8.644925635568525,-0.7580611888561474,-0.6435807482836001,-0.10557961161477261,0,0.6939789782203328,19.305286472265436,-3.6971197728842897
55.85,26,38.243134459100276,-36.34414595004983,29.065641345502296,5.56156666104833,-0.9505958898412675,-0.13535159468516283,0.2793696476589252,1,3.3674370762898307,35.28764014492477,-5.749433817982057
55.85,26,3.1951226080752746,-36.74135466583221,56.57930349169798,3.02560053903442,-0.9291877773941261,0.22282741229851005,0.29488645046816636,0,2.2901363458426003,47.70557813224883,-8.5926728118739
55.85,26,4.2913402730703645,-37.48738629031631,31.92239368431269,-26.567019248717067,-0.7145920075382572,0.2526032058503886,-0.6523418453208023,0,0.8019842071246662,19.63034968300338,5.176895637809947
55.85,26,0.9609462797286852,-38.72908617818405,29.101770397244927,-1.3574494662050878,-0.9987282291729851,-0.04758421018661448,0.016663348820370703,0,3.0689618650412456,30.741830133750923,-1.9317762726912528
55.85,26,1.8487423591538934,-37.26518623391854,49.09207018585106,87.46207365338802,-0.3441948982937675,0.16862705414465665,0.9236313055538113,1,1.9155783826102826,33.73636950425813,3.1835189894635194
55.85,26,2.552543303909497,-37.05840070032294,-66.60067494450169,40.846900258637206,-0.3159869100787627,-0.8927848077323278,0.3210725147707705,0,2.470878114406669,24.27580791625611,8.527680921312918
55.85,26,9.944571589432678,-36.79270671802527,71.73608380658663,-27.74229563468853,-0.7239889789404479,0.3991463644628997,-0.5626030022216535,0,1.4842763599624693,51.824809624267516,0.20487793380991334
55.85,26,7.396863884724397,-37.36634409384624,0.20053300729287887,82.55789343701473,-0.37424005075286815,-0.19497473800683132,0.9066031303451684,0,1.4388297554870748,17.883671480553872,0.3339660807241059
55.85,26,7.404856500621224,-37.36130528649894,21.9356759382424,83.45009911879768,-0.3863389685243964,-0.06743016901149451,0.9198887833355653,1,0.14062626661943928,27.834953242974695,2.4185147819031836
55.85,26,6.0421569580742815,-38.14480487522878,56.33670807163056,30.078091364096743,-0.7537034871363286,0.6309073701679545,0.18408406706256106,0,1.7060390120502353,25.222099747275767,21.05092262274663
55.85,26,11.51611894500373,-36.77307727647993,90.35792048890441,20.24479654532584,-0.5951429236998853,0.728316261115943,0.339647352652786,0,1.326949434737163,47.19848275291402,0.11756672547936359
55.85,26,9.00835396484952,-36.90222980333929,-16.42120226785554,-113.94802082866305,-0.2590754532843775,-0.5079329365932738,-0.8215132630878382,0,0.8716742024164603,47.83188598209895,-10.032947567183122
55.85,26,5.780833087003518,-36.37108369736522,77.45682383337686,-31.813135584969977,-0.39241824770544553,0.8510841238616603,-0.3488032869375198,0,1.301351557685541,5.622569582744099,-2.7921625565327735
55.85,26,12.288977766947271,-36.595959490297595,-14.780692150069582,30.379976964847305,-0.7423492244294926,-0.38382665515386716,0.5491764086177818,0,2.4429380184155574,4.176640833019797,2.7930550985973945
55.85,26,6.862660708579198,-37.27517569774607,12.632815090658985,15.459715075107495,-0.7916393611932916,-0.4133502174920333,0.44994301806869513,0,1.3018550985800257,32.33262618196133,-5.540639095986466
55.85,26,8.751403920533315,-36.97805960937978,33.23733003696694,78.68308975619564,-0.3997832204975533,-0.12913608418520697,0.9074674916325741,0,1.120635326457845,44.15736258082077,1.9456340431607555
55.85,26,31.74422239098965,-37.0523228526772,61.18914320641836,-48.99854464880953,-0.6510994902239998,0.2561228450109923,-0.7144722122612766,0,1.2722345838890652,46.532976225819844,-8.135289704092612
55.85,26,4.559731015207271,-38.26314201861508,79.96004527137538,-31.4165247640915,-0.6972675748830649,0.582991537984917,-0.4170597027461062,1,1.6873076478858275,50.87492414222137,-9.309615758206103
55.85,26,25.565070593014948,-37.761233439472285,75.52677276885585,31.95657539049701,-0.6256786225619867,0.6171343187688652,0.47714934126185676,1,0.7471149704125296,38.63395959356529,2.462710058746279
55.85,26,2.8500661841107675,-37.02251853792994,-12.431047830655652,24.03021012461808,-0.8723466251853597,-0.29845033072445715,0.38721927330412687,2,6.253827907818326,-0.9424169121572138,9.558965508455033
55.85,26,12.387850785257083,-36.90009634210718,27.506435155885367,78.34495135401436,-0.4565072325588145,-0.07576985663088746,0.8864874931140468,0,0.7501106106097727,33.223823880876196,11.452999549667002
55.85,26,0.8624496624710523,-38.30403734220896,-16.15205221088741,13.963212777541152,-0.7775727850203402,-0.6087959442756743,0.15731516846509705,0,1.0560724442938443,9.761860000813302,7.2669601111018345
55.85,26,8.341850464484827,-36.45997394005459,34.421874246107244,15.21598654753064,-0.9779207030255312,-0.15279821057316192,0.1425615847263565,0,1.3799531354556265,40.04599773830549,9.968647886057207
55.85,26,8.097529713543523,-36.39421401910691,-74.82657169903965,-79.29829499401845,-0.25670003360797367,-0.7319216058129842,-0.6311860705765044,2,0.5644438806565456,20.509586044873604,-0.1096790457397361
